Using pre-set license
Built from '2020.3/staging' branch; Version is '2020.3.13f1 (71691879b7f5) revision 7432472'; Using compiler version '192528614'; Build Type 'Release'
OS: 'Windows 10 Pro; OS build 19042.1110; Version 2009; 64bit' Language: 'ko' Physical Memory: 8146 MB
BatchMode: 1, IsHumanControllingUs: 0, StartBugReporterOnCrash: 0, Is64bit: 1, IsPro: 0

 COMMAND LINE ARGUMENTS:
C:\Users\admin\Downloads\2020.3.13f1\Editor\Unity.exe
-adb2
-batchMode
-noUpm
-name
AssetImportWorker0
-projectPath
C:/Users/admin/Documents/GitHub/Class--Unity/Shader_study
-logFile
Logs/AssetImportWorker0.log
-srvPort
49744
Successfully changed project path to: C:/Users/admin/Documents/GitHub/Class--Unity/Shader_study
C:/Users/admin/Documents/GitHub/Class--Unity/Shader_study
Using Asset Import Pipeline V2.
Refreshing native plugins compatible for Editor in 41.50 ms, found 2 plugins.
Preloading 0 native plugins for Editor in 0.00 ms.
Initialize engine version: 2020.3.13f1 (71691879b7f5)
[Subsystems] Discovering subsystems at path C:/Users/admin/Downloads/2020.3.13f1/Editor/Data/Resources/UnitySubsystems
[Subsystems] Discovering subsystems at path C:/Users/admin/Documents/GitHub/Class--Unity/Shader_study/Assets
GfxDevice: creating device client; threaded=0
Direct3D:
    Version:  Direct3D 11.0 [level 11.1]
    Renderer: NVIDIA GeForce GTX 1050 Ti (ID=0x1c82)
    Vendor:   
    VRAM:     4018 MB
    Driver:   30.0.14.7111
Initialize mono
Mono path[0] = 'C:/Users/admin/Downloads/2020.3.13f1/Editor/Data/Managed'
Mono path[1] = 'C:/Users/admin/Downloads/2020.3.13f1/Editor/Data/MonoBleedingEdge/lib/mono/unityjit'
Mono config path = 'C:/Users/admin/Downloads/2020.3.13f1/Editor/Data/MonoBleedingEdge/etc'
Using monoOptions --debugger-agent=transport=dt_socket,embedding=1,server=y,suspend=n,address=127.0.0.1:56044
Begin MonoManager ReloadAssembly
Registering precompiled unity dll's ...
Register platform support module: C:/Users/admin/Downloads/2020.3.13f1/Editor/Data/PlaybackEngines/WindowsStandaloneSupport/UnityEditor.WindowsStandalone.Extensions.dll
Registered in 0.001526 seconds.
Native extension for WindowsStandalone target not found
Refreshing native plugins compatible for Editor in 39.44 ms, found 2 plugins.
Preloading 0 native plugins for Editor in 0.00 ms.
Mono: successfully reloaded assembly
- Completed reload, in  1.654 seconds
Platform modules already initialized, skipping
Registering precompiled user dll's ...
Registered in 0.004158 seconds.
Begin MonoManager ReloadAssembly
Native extension for WindowsStandalone target not found
Refreshing native plugins compatible for Editor in 43.68 ms, found 2 plugins.
Preloading 0 native plugins for Editor in 0.00 ms.
Mono: successfully reloaded assembly
- Completed reload, in  1.251 seconds
Platform modules already initialized, skipping
========================================================================
Worker process is ready to serve import requests
Launched and connected shader compiler UnityShaderCompiler.exe after 0.05 seconds
Refreshing native plugins compatible for Editor in 0.50 ms, found 2 plugins.
Preloading 0 native plugins for Editor in 0.00 ms.
Unloading 2191 Unused Serialized files (Serialized files now loaded: 0)
System memory in use before: 92.7 MB.
System memory in use after: 92.5 MB.

Unloading 21 unused Assets to reduce memory usage. Loaded Objects now: 2624.
Total: 2.828100 ms (FindLiveObjects: 0.405800 ms CreateObjectMapping: 0.136800 ms MarkObjects: 2.042600 ms  DeleteObjects: 0.241100 ms)

AssetImportParameters requested are different than current active one (requested -> active):
  custom:framework-win-MediaFoundation: 216162199b28c13a410421893ffa2e32 -> 
  custom:video-decoder-ogg-theora: a1e56fd34408186e4bbccfd4996cb3dc -> 
  custom:container-muxer-webm: aa71ff27fc2769a1b78a27578f13a17b -> 
  custom:container-demuxer-webm: 4f35f7cbe854078d1ac9338744f61a02 -> 
  custom:container-demuxer-ogg: 62fdf1f143b41e24485cea50d1cbac27 -> 
  custom:video-encoder-webm-vp8: eb34c28f22e8b96e1ab97ce403110664 -> 
  custom:video-decoder-webm-vp8: 9c59270c3fd7afecdb556c50c9e8de78 -> 
  custom:audio-decoder-ogg-vorbis: bf7c407c2cedff20999df2af8eb42d56 -> 
  custom:audio-encoder-webm-vorbis: bf7c407c2cedff20999df2af8eb42d56 -> 
========================================================================
Received Import Request.
  path: Assets/FX/Textures
  artifactKey: Guid(3f311e44116b94eaab5b3e296cf19e95) Importer(815301076,1909f56bfc062723c751e8b465ee728b)
Start importing Assets/FX/Textures using Guid(3f311e44116b94eaab5b3e296cf19e95) Importer(815301076,1909f56bfc062723c751e8b465ee728b)  -> (artifact id: 'd15f8dfddbebe4a605fbfafedf53e474') in 0.009333 seconds 
  Import took 0.014281 seconds .

========================================================================
Received Import Request.
  Time since last request: 6.461199 seconds.
  path: Assets/FX/Textures/eff_aura1.png
  artifactKey: Guid(1e9ff56799d6244c8bcb759bcbab8eb7) Importer(815301076,1909f56bfc062723c751e8b465ee728b)
Start importing Assets/FX/Textures/eff_aura1.png using Guid(1e9ff56799d6244c8bcb759bcbab8eb7) Importer(815301076,1909f56bfc062723c751e8b465ee728b)  -> (artifact id: '98658f30600985739ee8e85b54b52d08') in 0.087612 seconds 
  Import took 0.091379 seconds .

========================================================================
Received Import Request.
  Time since last request: 14.783018 seconds.
  path: Assets/FX/Materials/eff_aura1_add.mat
  artifactKey: Guid(55a4448aede1d4539ab28c1c395f8396) Importer(815301076,1909f56bfc062723c751e8b465ee728b)
Start importing Assets/FX/Materials/eff_aura1_add.mat using Guid(55a4448aede1d4539ab28c1c395f8396) Importer(815301076,1909f56bfc062723c751e8b465ee728b)  -> (artifact id: 'f073a84e3828017ab08c8df37c15895c') in 0.089477 seconds 
  Import took 0.095645 seconds .

========================================================================
Received Import Request.
  Time since last request: 11.719392 seconds.
  path: Assets/FX/Materials/eff_par1_add.mat
  artifactKey: Guid(56e6f4cb1d27e4442a785c8b9ab80d24) Importer(815301076,1909f56bfc062723c751e8b465ee728b)
Start importing Assets/FX/Materials/eff_par1_add.mat using Guid(56e6f4cb1d27e4442a785c8b9ab80d24) Importer(815301076,1909f56bfc062723c751e8b465ee728b)  -> (artifact id: '369404cc3a45b188e1db385453469a36') in 0.020329 seconds 
  Import took 0.025678 seconds .

========================================================================
Received Import Request.
  Time since last request: 141.506724 seconds.
  path: Assets/FX/Materials/eff_smoke1_alpha.mat
  artifactKey: Guid(5aef12322215546f7901bf94b35bbeb6) Importer(815301076,1909f56bfc062723c751e8b465ee728b)
Start importing Assets/FX/Materials/eff_smoke1_alpha.mat using Guid(5aef12322215546f7901bf94b35bbeb6) Importer(815301076,1909f56bfc062723c751e8b465ee728b)  -> (artifact id: 'aecb0812b26426c298cd93671d6b1f45') in 0.030495 seconds 
  Import took 0.034984 seconds .

========================================================================
Received Import Request.
  Time since last request: 0.001808 seconds.
  path: Assets/FX/Materials/eff_smoke1_alpha.mat
  artifactKey: Guid(5aef12322215546f7901bf94b35bbeb6) Importer(815301076,1909f56bfc062723c751e8b465ee728b)
Start importing Assets/FX/Materials/eff_smoke1_alpha.mat using Guid(5aef12322215546f7901bf94b35bbeb6) Importer(815301076,1909f56bfc062723c751e8b465ee728b)  -> (artifact id: 'aecb0812b26426c298cd93671d6b1f45') in 0.013217 seconds 
  Import took 0.019764 seconds .

========================================================================
Received Import Request.
  Time since last request: 766.288667 seconds.
  path: Assets/FX/Prefabs/Eff_Fire_Fix.prefab
  artifactKey: Guid(15737e9468c0b40d49fea389518546f2) Importer(815301076,1909f56bfc062723c751e8b465ee728b)
Start importing Assets/FX/Prefabs/Eff_Fire_Fix.prefab using Guid(15737e9468c0b40d49fea389518546f2) Importer(815301076,1909f56bfc062723c751e8b465ee728b)  -> (artifact id: 'a110fbe820b4d9cd3884da424c1266dd') in 0.026871 seconds 
  Import took 0.031974 seconds .

========================================================================
Received Import Request.
  Time since last request: 2850.087140 seconds.
  path: Assets/FX/Materials/eff_water1_add.mat
  artifactKey: Guid(06d31add080b044bcadc575258f22c6f) Importer(815301076,1909f56bfc062723c751e8b465ee728b)
Start importing Assets/FX/Materials/eff_water1_add.mat using Guid(06d31add080b044bcadc575258f22c6f) Importer(815301076,1909f56bfc062723c751e8b465ee728b)  -> (artifact id: '680be02fa44d99f48eff5d1da3369957') in 0.041352 seconds 
  Import took 0.072202 seconds .

========================================================================
Received Import Request.
  Time since last request: 353.749962 seconds.
  path: Assets/FX/Materials/eff_smoke1_alpha.mat
  artifactKey: Guid(5aef12322215546f7901bf94b35bbeb6) Importer(815301076,1909f56bfc062723c751e8b465ee728b)
Start importing Assets/FX/Materials/eff_smoke1_alpha.mat using Guid(5aef12322215546f7901bf94b35bbeb6) Importer(815301076,1909f56bfc062723c751e8b465ee728b)  -> (artifact id: '564763ec2935d4a39bc0acaf7d6e603b') in 0.027673 seconds 
  Import took 0.033000 seconds .

========================================================================
Received Import Request.
  Time since last request: 0.000979 seconds.
  path: Assets/FX/Materials/eff_smoke1_alpha.mat
  artifactKey: Guid(5aef12322215546f7901bf94b35bbeb6) Importer(815301076,1909f56bfc062723c751e8b465ee728b)
Start importing Assets/FX/Materials/eff_smoke1_alpha.mat using Guid(5aef12322215546f7901bf94b35bbeb6) Importer(815301076,1909f56bfc062723c751e8b465ee728b)  -> (artifact id: '564763ec2935d4a39bc0acaf7d6e603b') in 0.022322 seconds 
  Import took 0.027541 seconds .

========================================================================
Received Import Request.
  Time since last request: 33.381067 seconds.
  path: Assets/FX/Textures/eff_smoke1.png
  artifactKey: Guid(2d3f0e7f6295648a7b7d21fd2288950c) Importer(815301076,1909f56bfc062723c751e8b465ee728b)
Start importing Assets/FX/Textures/eff_smoke1.png using Guid(2d3f0e7f6295648a7b7d21fd2288950c) Importer(815301076,1909f56bfc062723c751e8b465ee728b)  -> (artifact id: 'e7df0d0bda56e49c8ea9c2325972af42') in 0.024368 seconds 
  Import took 0.029130 seconds .

========================================================================
Received Import Request.
  Time since last request: 11.942792 seconds.
  path: Assets/FX/Textures/eff_water1.png
  artifactKey: Guid(013763170fd3e4e2abbe24014d2072cd) Importer(815301076,1909f56bfc062723c751e8b465ee728b)
Start importing Assets/FX/Textures/eff_water1.png using Guid(013763170fd3e4e2abbe24014d2072cd) Importer(815301076,1909f56bfc062723c751e8b465ee728b)  -> (artifact id: 'd68699907f336d8a8ba16061faabdce1') in 0.027061 seconds 
  Import took 0.034953 seconds .

========================================================================
Received Prepare
Registering precompiled user dll's ...
Registered in 0.007949 seconds.
Begin MonoManager ReloadAssembly
Native extension for WindowsStandalone target not found
Refreshing native plugins compatible for Editor in 0.42 ms, found 2 plugins.
Preloading 0 native plugins for Editor in 0.00 ms.
Mono: successfully reloaded assembly
- Completed reload, in  1.281 seconds
Platform modules already initialized, skipping
Refreshing native plugins compatible for Editor in 0.53 ms, found 2 plugins.
Preloading 0 native plugins for Editor in 0.00 ms.
Unloading 2178 Unused Serialized files (Serialized files now loaded: 0)
System memory in use before: 95.2 MB.
System memory in use after: 95.1 MB.

Unloading 16 unused Assets to reduce memory usage. Loaded Objects now: 2670.
Total: 2.936500 ms (FindLiveObjects: 0.207700 ms CreateObjectMapping: 0.088900 ms MarkObjects: 2.289500 ms  DeleteObjects: 0.349200 ms)

AssetImportParameters requested are different than current active one (requested -> active):
  custom:framework-win-MediaFoundation: 216162199b28c13a410421893ffa2e32 -> 
  custom:video-decoder-ogg-theora: a1e56fd34408186e4bbccfd4996cb3dc -> 
  custom:container-muxer-webm: aa71ff27fc2769a1b78a27578f13a17b -> 
  custom:container-demuxer-webm: 4f35f7cbe854078d1ac9338744f61a02 -> 
  custom:container-demuxer-ogg: 62fdf1f143b41e24485cea50d1cbac27 -> 
  custom:video-encoder-webm-vp8: eb34c28f22e8b96e1ab97ce403110664 -> 
  custom:video-decoder-webm-vp8: 9c59270c3fd7afecdb556c50c9e8de78 -> 
  custom:audio-decoder-ogg-vorbis: bf7c407c2cedff20999df2af8eb42d56 -> 
  custom:audio-encoder-webm-vorbis: bf7c407c2cedff20999df2af8eb42d56 -> 
========================================================================
Received Prepare
Registering precompiled user dll's ...
Registered in 0.004109 seconds.
Begin MonoManager ReloadAssembly
Native extension for WindowsStandalone target not found
Refreshing native plugins compatible for Editor in 0.42 ms, found 2 plugins.
Preloading 0 native plugins for Editor in 0.00 ms.
Mono: successfully reloaded assembly
- Completed reload, in  1.128 seconds
Platform modules already initialized, skipping
Refreshing native plugins compatible for Editor in 0.71 ms, found 2 plugins.
Preloading 0 native plugins for Editor in 0.00 ms.
Unloading 2178 Unused Serialized files (Serialized files now loaded: 0)
System memory in use before: 95.2 MB.
System memory in use after: 95.1 MB.

Unloading 16 unused Assets to reduce memory usage. Loaded Objects now: 2673.
Total: 3.708300 ms (FindLiveObjects: 0.218100 ms CreateObjectMapping: 0.080600 ms MarkObjects: 3.055800 ms  DeleteObjects: 0.352300 ms)

AssetImportParameters requested are different than current active one (requested -> active):
  custom:framework-win-MediaFoundation: 216162199b28c13a410421893ffa2e32 -> 
  custom:video-decoder-ogg-theora: a1e56fd34408186e4bbccfd4996cb3dc -> 
  custom:container-muxer-webm: aa71ff27fc2769a1b78a27578f13a17b -> 
  custom:container-demuxer-webm: 4f35f7cbe854078d1ac9338744f61a02 -> 
  custom:container-demuxer-ogg: 62fdf1f143b41e24485cea50d1cbac27 -> 
  custom:video-encoder-webm-vp8: eb34c28f22e8b96e1ab97ce403110664 -> 
  custom:video-decoder-webm-vp8: 9c59270c3fd7afecdb556c50c9e8de78 -> 
  custom:audio-decoder-ogg-vorbis: bf7c407c2cedff20999df2af8eb42d56 -> 
  custom:audio-encoder-webm-vorbis: bf7c407c2cedff20999df2af8eb42d56 -> 
========================================================================
Received Prepare
Registering precompiled user dll's ...
Registered in 0.005524 seconds.
Begin MonoManager ReloadAssembly
Native extension for WindowsStandalone target not found
Refreshing native plugins compatible for Editor in 0.60 ms, found 2 plugins.
Preloading 0 native plugins for Editor in 0.00 ms.
Mono: successfully reloaded assembly
- Completed reload, in  1.412 seconds
Platform modules already initialized, skipping
Refreshing native plugins compatible for Editor in 0.88 ms, found 2 plugins.
Preloading 0 native plugins for Editor in 0.00 ms.
Unloading 2178 Unused Serialized files (Serialized files now loaded: 0)
System memory in use before: 95.3 MB.
System memory in use after: 95.1 MB.

Unloading 16 unused Assets to reduce memory usage. Loaded Objects now: 2676.
Total: 2.939000 ms (FindLiveObjects: 0.217200 ms CreateObjectMapping: 0.093000 ms MarkObjects: 2.298900 ms  DeleteObjects: 0.328600 ms)

AssetImportParameters requested are different than current active one (requested -> active):
  custom:framework-win-MediaFoundation: 216162199b28c13a410421893ffa2e32 -> 
  custom:video-decoder-ogg-theora: a1e56fd34408186e4bbccfd4996cb3dc -> 
  custom:container-muxer-webm: aa71ff27fc2769a1b78a27578f13a17b -> 
  custom:container-demuxer-webm: 4f35f7cbe854078d1ac9338744f61a02 -> 
  custom:container-demuxer-ogg: 62fdf1f143b41e24485cea50d1cbac27 -> 
  custom:video-encoder-webm-vp8: eb34c28f22e8b96e1ab97ce403110664 -> 
  custom:video-decoder-webm-vp8: 9c59270c3fd7afecdb556c50c9e8de78 -> 
  custom:audio-decoder-ogg-vorbis: bf7c407c2cedff20999df2af8eb42d56 -> 
  custom:audio-encoder-webm-vorbis: bf7c407c2cedff20999df2af8eb42d56 -> 
AssetImportWorkerClient::OnTransportError - code=2 error=End of file
