Using pre-set license
Built from '2020.3/staging' branch; Version is '2020.3.13f1 (71691879b7f5) revision 7432472'; Using compiler version '192528614'; Build Type 'Release'
OS: 'Windows 10 Pro; OS build 19042.1110; Version 2009; 64bit' Language: 'ko' Physical Memory: 8146 MB
BatchMode: 1, IsHumanControllingUs: 0, StartBugReporterOnCrash: 0, Is64bit: 1, IsPro: 0

 COMMAND LINE ARGUMENTS:
C:\Users\admin\Downloads\2020.3.13f1\Editor\Unity.exe
-adb2
-batchMode
-noUpm
-name
AssetImportWorker0
-projectPath
C:/Users/admin/Documents/GitHub/Class--Unity/Shader_study
-logFile
Logs/AssetImportWorker0.log
-srvPort
55983
Successfully changed project path to: C:/Users/admin/Documents/GitHub/Class--Unity/Shader_study
C:/Users/admin/Documents/GitHub/Class--Unity/Shader_study
Using Asset Import Pipeline V2.
Refreshing native plugins compatible for Editor in 50.60 ms, found 2 plugins.
Preloading 0 native plugins for Editor in 0.00 ms.
Initialize engine version: 2020.3.13f1 (71691879b7f5)
[Subsystems] Discovering subsystems at path C:/Users/admin/Downloads/2020.3.13f1/Editor/Data/Resources/UnitySubsystems
[Subsystems] Discovering subsystems at path C:/Users/admin/Documents/GitHub/Class--Unity/Shader_study/Assets
GfxDevice: creating device client; threaded=0
Direct3D:
    Version:  Direct3D 11.0 [level 11.1]
    Renderer: NVIDIA GeForce GTX 1050 Ti (ID=0x1c82)
    Vendor:   
    VRAM:     4018 MB
    Driver:   30.0.14.7111
Initialize mono
Mono path[0] = 'C:/Users/admin/Downloads/2020.3.13f1/Editor/Data/Managed'
Mono path[1] = 'C:/Users/admin/Downloads/2020.3.13f1/Editor/Data/MonoBleedingEdge/lib/mono/unityjit'
Mono config path = 'C:/Users/admin/Downloads/2020.3.13f1/Editor/Data/MonoBleedingEdge/etc'
Using monoOptions --debugger-agent=transport=dt_socket,embedding=1,server=y,suspend=n,address=127.0.0.1:56200
Begin MonoManager ReloadAssembly
Registering precompiled unity dll's ...
Register platform support module: C:/Users/admin/Downloads/2020.3.13f1/Editor/Data/PlaybackEngines/WindowsStandaloneSupport/UnityEditor.WindowsStandalone.Extensions.dll
Registered in 0.001854 seconds.
Native extension for WindowsStandalone target not found
Refreshing native plugins compatible for Editor in 38.46 ms, found 2 plugins.
Preloading 0 native plugins for Editor in 0.00 ms.
Mono: successfully reloaded assembly
- Completed reload, in  2.154 seconds
Platform modules already initialized, skipping
Registering precompiled user dll's ...
Registered in 0.004470 seconds.
Begin MonoManager ReloadAssembly
Native extension for WindowsStandalone target not found
Refreshing native plugins compatible for Editor in 55.54 ms, found 2 plugins.
Preloading 0 native plugins for Editor in 0.00 ms.
Mono: successfully reloaded assembly
- Completed reload, in  1.225 seconds
Platform modules already initialized, skipping
========================================================================
Worker process is ready to serve import requests
Launched and connected shader compiler UnityShaderCompiler.exe after 0.06 seconds
Refreshing native plugins compatible for Editor in 0.52 ms, found 2 plugins.
Preloading 0 native plugins for Editor in 0.00 ms.
Unloading 2192 Unused Serialized files (Serialized files now loaded: 0)
System memory in use before: 93.2 MB.
System memory in use after: 93.1 MB.

Unloading 21 unused Assets to reduce memory usage. Loaded Objects now: 2627.
Total: 3.198500 ms (FindLiveObjects: 0.268000 ms CreateObjectMapping: 0.163600 ms MarkObjects: 2.513900 ms  DeleteObjects: 0.251700 ms)

AssetImportParameters requested are different than current active one (requested -> active):
  custom:framework-win-MediaFoundation: 216162199b28c13a410421893ffa2e32 -> 
  custom:video-decoder-ogg-theora: a1e56fd34408186e4bbccfd4996cb3dc -> 
  custom:container-muxer-webm: aa71ff27fc2769a1b78a27578f13a17b -> 
  custom:container-demuxer-webm: 4f35f7cbe854078d1ac9338744f61a02 -> 
  custom:container-demuxer-ogg: 62fdf1f143b41e24485cea50d1cbac27 -> 
  custom:video-encoder-webm-vp8: eb34c28f22e8b96e1ab97ce403110664 -> 
  custom:video-decoder-webm-vp8: 9c59270c3fd7afecdb556c50c9e8de78 -> 
  custom:audio-decoder-ogg-vorbis: bf7c407c2cedff20999df2af8eb42d56 -> 
  custom:audio-encoder-webm-vorbis: bf7c407c2cedff20999df2af8eb42d56 -> 
========================================================================
Received Import Request.
  path: Assets/FX/Materials/eff_water2_alpha.mat
  artifactKey: Guid(3ffd409be9e5e4f5bb4cdfe791802a7a) Importer(815301076,1909f56bfc062723c751e8b465ee728b)
Start importing Assets/FX/Materials/eff_water2_alpha.mat using Guid(3ffd409be9e5e4f5bb4cdfe791802a7a) Importer(815301076,1909f56bfc062723c751e8b465ee728b)  -> (artifact id: 'eeee899f0a5c388a0c592de5fcf4b4ad') in 0.129913 seconds 
  Import took 0.133865 seconds .

========================================================================
Received Prepare
Registering precompiled user dll's ...
Registered in 0.004422 seconds.
Begin MonoManager ReloadAssembly
Native extension for WindowsStandalone target not found
Refreshing native plugins compatible for Editor in 0.41 ms, found 2 plugins.
Preloading 0 native plugins for Editor in 0.00 ms.
Mono: successfully reloaded assembly
- Completed reload, in  1.043 seconds
Platform modules already initialized, skipping
Refreshing native plugins compatible for Editor in 0.46 ms, found 2 plugins.
Preloading 0 native plugins for Editor in 0.00 ms.
Unloading 2179 Unused Serialized files (Serialized files now loaded: 0)
System memory in use before: 95.6 MB.
System memory in use after: 95.4 MB.

Unloading 16 unused Assets to reduce memory usage. Loaded Objects now: 2671.
Total: 2.778900 ms (FindLiveObjects: 0.193300 ms CreateObjectMapping: 0.068400 ms MarkObjects: 2.279500 ms  DeleteObjects: 0.236700 ms)

AssetImportParameters requested are different than current active one (requested -> active):
  custom:framework-win-MediaFoundation: 216162199b28c13a410421893ffa2e32 -> 
  custom:video-decoder-ogg-theora: a1e56fd34408186e4bbccfd4996cb3dc -> 
  custom:container-muxer-webm: aa71ff27fc2769a1b78a27578f13a17b -> 
  custom:container-demuxer-webm: 4f35f7cbe854078d1ac9338744f61a02 -> 
  custom:container-demuxer-ogg: 62fdf1f143b41e24485cea50d1cbac27 -> 
  custom:video-encoder-webm-vp8: eb34c28f22e8b96e1ab97ce403110664 -> 
  custom:video-decoder-webm-vp8: 9c59270c3fd7afecdb556c50c9e8de78 -> 
  custom:audio-decoder-ogg-vorbis: bf7c407c2cedff20999df2af8eb42d56 -> 
  custom:audio-encoder-webm-vorbis: bf7c407c2cedff20999df2af8eb42d56 -> 
========================================================================
Received Import Request.
  Time since last request: 375.220562 seconds.
  path: Assets/FX/Materials/eff_clear_alpha.mat
  artifactKey: Guid(a6b06cb5dbf85458186e6658de6da6e2) Importer(815301076,1909f56bfc062723c751e8b465ee728b)
Start importing Assets/FX/Materials/eff_clear_alpha.mat using Guid(a6b06cb5dbf85458186e6658de6da6e2) Importer(815301076,1909f56bfc062723c751e8b465ee728b)  -> (artifact id: 'c0aa733bbc4df3896f3104c4d112dbca') in 0.066809 seconds 
  Import took 0.071505 seconds .

========================================================================
Received Import Request.
  Time since last request: 125.105200 seconds.
  path: Assets/FX/Textures/eff_clear1.png
  artifactKey: Guid(cd3a4eafc705e4e8a8b14bbff778dd89) Importer(815301076,1909f56bfc062723c751e8b465ee728b)
Start importing Assets/FX/Textures/eff_clear1.png using Guid(cd3a4eafc705e4e8a8b14bbff778dd89) Importer(815301076,1909f56bfc062723c751e8b465ee728b)  -> (artifact id: 'e39a4686553953e97fe21d7b24e29372') in 0.041474 seconds 
  Import took 0.046123 seconds .

========================================================================
Received Import Request.
  Time since last request: 411.551677 seconds.
  path: Assets/FX/Materials/eff_clear_add.mat
  artifactKey: Guid(f041e19e50ab842999895323d92cada7) Importer(815301076,1909f56bfc062723c751e8b465ee728b)
Start importing Assets/FX/Materials/eff_clear_add.mat using Guid(f041e19e50ab842999895323d92cada7) Importer(815301076,1909f56bfc062723c751e8b465ee728b)  -> (artifact id: '16de407a237f6b88d9eebf97474cae99') in 0.026453 seconds 
  Import took 0.031631 seconds .

========================================================================
Received Import Request.
  Time since last request: 281.563154 seconds.
  path: Assets/FX/Materials/eff_glitter1_add.mat
  artifactKey: Guid(b37ba3c098de24a179753d996ab04fb4) Importer(815301076,1909f56bfc062723c751e8b465ee728b)
Start importing Assets/FX/Materials/eff_glitter1_add.mat using Guid(b37ba3c098de24a179753d996ab04fb4) Importer(815301076,1909f56bfc062723c751e8b465ee728b)  -> (artifact id: '76d9069ecb3bb5a1741ab2b6f117750c') in 0.029504 seconds 
  Import took 0.035815 seconds .

========================================================================
Received Import Request.
  Time since last request: 0.011569 seconds.
  path: Assets/FX/Materials/eff_glitter1_add.mat
  artifactKey: Guid(b37ba3c098de24a179753d996ab04fb4) Importer(815301076,1909f56bfc062723c751e8b465ee728b)
Start importing Assets/FX/Materials/eff_glitter1_add.mat using Guid(b37ba3c098de24a179753d996ab04fb4) Importer(815301076,1909f56bfc062723c751e8b465ee728b)  -> (artifact id: '76d9069ecb3bb5a1741ab2b6f117750c') in 0.010760 seconds 
  Import took 0.015161 seconds .

AssetImportWorkerClient::OnTransportError - code=2 error=End of file
