Using pre-set license
Built from '2020.3/staging' branch; Version is '2020.3.13f1 (71691879b7f5) revision 7432472'; Using compiler version '192528614'; Build Type 'Release'
OS: 'Windows 10 Pro; OS build 19042.1237; Version 2009; 64bit' Language: 'ko' Physical Memory: 8146 MB
BatchMode: 1, IsHumanControllingUs: 0, StartBugReporterOnCrash: 0, Is64bit: 1, IsPro: 0

 COMMAND LINE ARGUMENTS:
C:\Users\admin\Downloads\2020.3.13f1\Editor\Unity.exe
-adb2
-batchMode
-noUpm
-name
AssetImportWorker0
-projectPath
C:/Users/admin/Desktop/AngryBot_Project
-logFile
Logs/AssetImportWorker0.log
-srvPort
55038
Successfully changed project path to: C:/Users/admin/Desktop/AngryBot_Project
C:/Users/admin/Desktop/AngryBot_Project
Using Asset Import Pipeline V2.
Refreshing native plugins compatible for Editor in 42.83 ms, found 2 plugins.
Preloading 0 native plugins for Editor in 0.00 ms.
Initialize engine version: 2020.3.13f1 (71691879b7f5)
[Subsystems] Discovering subsystems at path C:/Users/admin/Downloads/2020.3.13f1/Editor/Data/Resources/UnitySubsystems
[Subsystems] Discovering subsystems at path C:/Users/admin/Desktop/AngryBot_Project/Assets
GfxDevice: creating device client; threaded=0
Direct3D:
    Version:  Direct3D 11.0 [level 11.1]
    Renderer: NVIDIA GeForce GTX 1050 Ti (ID=0x1c82)
    Vendor:   
    VRAM:     4018 MB
    Driver:   30.0.14.7111
Initialize mono
Mono path[0] = 'C:/Users/admin/Downloads/2020.3.13f1/Editor/Data/Managed'
Mono path[1] = 'C:/Users/admin/Downloads/2020.3.13f1/Editor/Data/MonoBleedingEdge/lib/mono/unityjit'
Mono config path = 'C:/Users/admin/Downloads/2020.3.13f1/Editor/Data/MonoBleedingEdge/etc'
Using monoOptions --debugger-agent=transport=dt_socket,embedding=1,server=y,suspend=n,address=127.0.0.1:56604
Begin MonoManager ReloadAssembly
Registering precompiled unity dll's ...
Register platform support module: C:/Users/admin/Downloads/2020.3.13f1/Editor/Data/PlaybackEngines/WindowsStandaloneSupport/UnityEditor.WindowsStandalone.Extensions.dll
Registered in 0.004967 seconds.
Native extension for WindowsStandalone target not found
Refreshing native plugins compatible for Editor in 35.34 ms, found 2 plugins.
Preloading 0 native plugins for Editor in 0.00 ms.
Mono: successfully reloaded assembly
- Completed reload, in  4.499 seconds
Platform modules already initialized, skipping
Registering precompiled user dll's ...
Registered in 0.013625 seconds.
Begin MonoManager ReloadAssembly
Native extension for WindowsStandalone target not found
Refreshing native plugins compatible for Editor in 0.41 ms, found 2 plugins.
Preloading 0 native plugins for Editor in 0.00 ms.
Mono: successfully reloaded assembly
- Completed reload, in  1.151 seconds
Platform modules already initialized, skipping
========================================================================
Worker process is ready to serve import requests
Launched and connected shader compiler UnityShaderCompiler.exe after 0.06 seconds
Refreshing native plugins compatible for Editor in 0.41 ms, found 2 plugins.
Preloading 0 native plugins for Editor in 0.00 ms.
Unloading 1392 Unused Serialized files (Serialized files now loaded: 0)
System memory in use before: 68.8 MB.
System memory in use after: 68.8 MB.

Unloading 19 unused Assets to reduce memory usage. Loaded Objects now: 1825.
Total: 2.112300 ms (FindLiveObjects: 0.197400 ms CreateObjectMapping: 0.049700 ms MarkObjects: 1.757700 ms  DeleteObjects: 0.106400 ms)

AssetImportParameters requested are different than current active one (requested -> active):
  custom:framework-win-MediaFoundation: 216162199b28c13a410421893ffa2e32 -> 
  custom:video-decoder-ogg-theora: a1e56fd34408186e4bbccfd4996cb3dc -> 
  custom:container-muxer-webm: aa71ff27fc2769a1b78a27578f13a17b -> 
  custom:container-demuxer-webm: 4f35f7cbe854078d1ac9338744f61a02 -> 
  custom:container-demuxer-ogg: 62fdf1f143b41e24485cea50d1cbac27 -> 
  custom:video-encoder-webm-vp8: eb34c28f22e8b96e1ab97ce403110664 -> 
  custom:video-decoder-webm-vp8: 9c59270c3fd7afecdb556c50c9e8de78 -> 
  custom:audio-decoder-ogg-vorbis: bf7c407c2cedff20999df2af8eb42d56 -> 
  custom:audio-encoder-webm-vorbis: bf7c407c2cedff20999df2af8eb42d56 -> 
========================================================================
Received Import Request.
  path: Assets/AngryBotResources
  artifactKey: Guid(b6dad496fee524391b6f3fcc36f474e2) Importer(815301076,1909f56bfc062723c751e8b465ee728b)
Start importing Assets/AngryBotResources using Guid(b6dad496fee524391b6f3fcc36f474e2) Importer(815301076,1909f56bfc062723c751e8b465ee728b)  -> (artifact id: '4400c6a7325bc039f4e35dff5861d37d') in 0.016563 seconds 
  Import took 0.019604 seconds .

========================================================================
Received Import Request.
  Time since last request: 19.264111 seconds.
  path: Assets/AngryBotResources/Environment
  artifactKey: Guid(184c20d30a3e744be96f00cb4ecd29c4) Importer(815301076,1909f56bfc062723c751e8b465ee728b)
Start importing Assets/AngryBotResources/Environment using Guid(184c20d30a3e744be96f00cb4ecd29c4) Importer(815301076,1909f56bfc062723c751e8b465ee728b)  -> (artifact id: '8d403455188a9740d98c92853670460b') in 0.012857 seconds 
  Import took 0.015765 seconds .

========================================================================
Received Import Request.
  Time since last request: 1.003029 seconds.
  path: Assets/AngryBotResources/Environment/Prefabs
  artifactKey: Guid(7c9fd15abd5dd40cc8468b674a1377d1) Importer(815301076,1909f56bfc062723c751e8b465ee728b)
Start importing Assets/AngryBotResources/Environment/Prefabs using Guid(7c9fd15abd5dd40cc8468b674a1377d1) Importer(815301076,1909f56bfc062723c751e8b465ee728b)  -> (artifact id: '8e6163d6bfb58ae2ff455e1841eac887') in 0.012797 seconds 
  Import took 0.016270 seconds .

========================================================================
Received Import Request.
  Time since last request: 1.774436 seconds.
  path: Assets/AngryBotResources/Environment/Prefabs/Environment
  artifactKey: Guid(f42f3fa919ae0435ab0462456df11b73) Importer(815301076,1909f56bfc062723c751e8b465ee728b)
Start importing Assets/AngryBotResources/Environment/Prefabs/Environment using Guid(f42f3fa919ae0435ab0462456df11b73) Importer(815301076,1909f56bfc062723c751e8b465ee728b)  -> (artifact id: 'cc38e8aa744b65f908704cfbd2d9df08') in 0.005899 seconds 
  Import took 0.008968 seconds .

========================================================================
Received Import Request.
  Time since last request: 5.548691 seconds.
  path: Assets/AngryBotResources/Environment/Prefabs/Environment/RoomsAndPlatforms
  artifactKey: Guid(0fb2b826ecc554937a4f913ee1b11e74) Importer(815301076,1909f56bfc062723c751e8b465ee728b)
Start importing Assets/AngryBotResources/Environment/Prefabs/Environment/RoomsAndPlatforms using Guid(0fb2b826ecc554937a4f913ee1b11e74) Importer(815301076,1909f56bfc062723c751e8b465ee728b)  -> (artifact id: 'e4afc3e311087190c07162dc2cdbcd23') in 0.009451 seconds 
  Import took 0.012261 seconds .

========================================================================
Received Prepare
Registering precompiled user dll's ...
Registered in 0.006450 seconds.
Begin MonoManager ReloadAssembly
Native extension for WindowsStandalone target not found
Refreshing native plugins compatible for Editor in 102.63 ms, found 2 plugins.
Preloading 0 native plugins for Editor in 0.00 ms.
Mono: successfully reloaded assembly
- Completed reload, in  4.157 seconds
Platform modules already initialized, skipping
Shader 'Universal Render Pipeline/Nature/SpeedTree7': dependency 'BillboardShader' shader 'Universal Render Pipeline/Nature/SpeedTree7 Billboard' not found
Shader 'Universal Render Pipeline/Baked Lit': fallback shader 'Universal Render Pipeline/Unlit' not found
Shader 'Universal Render Pipeline/Simple Lit': fallback shader 'Hidden/Universal Render Pipeline/FallbackError' not found
Shader 'Universal Render Pipeline/Terrain/Lit': fallback shader 'Hidden/Universal Render Pipeline/FallbackError' not found
Shader 'Universal Render Pipeline/Terrain/Lit': dependency 'AddPassShader' shader 'Hidden/Universal Render Pipeline/Terrain/Lit (Add Pass)' not found
Shader 'Universal Render Pipeline/Terrain/Lit': dependency 'BaseMapShader' shader 'Hidden/Universal Render Pipeline/Terrain/Lit (Base Pass)' not found
Shader 'Universal Render Pipeline/Terrain/Lit': dependency 'BaseMapGenShader' shader 'Hidden/Universal Render Pipeline/Terrain/Lit (Basemap Gen)' not found
Shader 'Hidden/Universal Render Pipeline/Terrain/Lit (Add Pass)': fallback shader 'Hidden/Universal Render Pipeline/FallbackError' not found
Shader 'Hidden/Universal Render Pipeline/Terrain/Lit (Base Pass)': fallback shader 'Hidden/Universal Render Pipeline/FallbackError' not found
Shader 'Universal Render Pipeline/Particles/Lit': fallback shader 'Universal Render Pipeline/Particles/SimpleLit' not found
Shader 'Universal Render Pipeline/Particles/Lit': fallback shader 'Universal Render Pipeline/Particles/SimpleLit' not found
Refreshing native plugins compatible for Editor in 0.65 ms, found 2 plugins.
Preloading 0 native plugins for Editor in 0.00 ms.
Unloading 2641 Unused Serialized files (Serialized files now loaded: 0)
System memory in use before: 118.7 MB.
System memory in use after: 114.5 MB.

Unloading 71 unused Assets to reduce memory usage. Loaded Objects now: 3026.
Total: 23.471200 ms (FindLiveObjects: 0.332300 ms CreateObjectMapping: 0.155400 ms MarkObjects: 4.130300 ms  DeleteObjects: 18.850100 ms)

AssetImportParameters requested are different than current active one (requested -> active):
  custom:framework-win-MediaFoundation: 216162199b28c13a410421893ffa2e32 -> 
  custom:video-decoder-ogg-theora: a1e56fd34408186e4bbccfd4996cb3dc -> 
  custom:container-muxer-webm: aa71ff27fc2769a1b78a27578f13a17b -> 
  custom:container-demuxer-webm: 4f35f7cbe854078d1ac9338744f61a02 -> 
  custom:container-demuxer-ogg: 62fdf1f143b41e24485cea50d1cbac27 -> 
  custom:video-encoder-webm-vp8: eb34c28f22e8b96e1ab97ce403110664 -> 
  custom:video-decoder-webm-vp8: 9c59270c3fd7afecdb556c50c9e8de78 -> 
  custom:audio-decoder-ogg-vorbis: bf7c407c2cedff20999df2af8eb42d56 -> 
  custom:audio-encoder-webm-vorbis: bf7c407c2cedff20999df2af8eb42d56 -> 
========================================================================
Received Import Request.
  Time since last request: 329.643068 seconds.
  path: Assets
  artifactKey: Guid(00000000000000001000000000000000) Importer(815301076,1909f56bfc062723c751e8b465ee728b)
Start importing Assets using Guid(00000000000000001000000000000000) Importer(815301076,1909f56bfc062723c751e8b465ee728b)  -> (artifact id: '42d402b061de3733987d63b9cc3b64de') in 0.016944 seconds 
  Import took 0.021870 seconds .

========================================================================
Received Import Request.
  Time since last request: 77.997304 seconds.
  path: Assets/RenderingAssets
  artifactKey: Guid(c08af2a232f4bac46814dacf6d1d817d) Importer(815301076,1909f56bfc062723c751e8b465ee728b)
Start importing Assets/RenderingAssets using Guid(c08af2a232f4bac46814dacf6d1d817d) Importer(815301076,1909f56bfc062723c751e8b465ee728b)  -> (artifact id: 'c2a5f3e714298c50a4ac75fbeedf6722') in 0.010104 seconds 
  Import took 0.014310 seconds .

========================================================================
Received Import Request.
  Time since last request: 2.017616 seconds.
  path: Assets/UniversalRenderPipelineAsset.asset
  artifactKey: Guid(68fbd292dc1bb1042aaf586d0a8a2801) Importer(815301076,1909f56bfc062723c751e8b465ee728b)
Start importing Assets/UniversalRenderPipelineAsset.asset using Guid(68fbd292dc1bb1042aaf586d0a8a2801) Importer(815301076,1909f56bfc062723c751e8b465ee728b)  -> (artifact id: '3b11dc5bba789dfe716a5a64042a6cfd') in 0.172883 seconds 
  Import took 0.178694 seconds .

========================================================================
Received Prepare
Switching render pipeline 00000000000000000000000000000000 -> 68fbd292dc1bb1042aaf586d0a8a2801
Shader 'Universal Render Pipeline/Particles/Lit': fallback shader 'Universal Render Pipeline/Particles/SimpleLit' not found
Shader 'Universal Render Pipeline/Particles/Lit': fallback shader 'Universal Render Pipeline/Particles/SimpleLit' not found
Refreshing native plugins compatible for Editor in 5.24 ms, found 2 plugins.
Preloading 0 native plugins for Editor in 0.00 ms.
Unloading 117 Unused Serialized files (Serialized files now loaded: 0)
System memory in use before: 72.6 MB.
System memory in use after: 69.6 MB.

Unloading 49 unused Assets to reduce memory usage. Loaded Objects now: 3094.
Total: 4.520500 ms (FindLiveObjects: 0.236100 ms CreateObjectMapping: 0.120000 ms MarkObjects: 2.698500 ms  DeleteObjects: 1.465300 ms)

AssetImportParameters requested are different than current active one (requested -> active):
  custom:framework-win-MediaFoundation: 216162199b28c13a410421893ffa2e32 -> 
  custom:video-decoder-ogg-theora: a1e56fd34408186e4bbccfd4996cb3dc -> 
  custom:container-muxer-webm: aa71ff27fc2769a1b78a27578f13a17b -> 
  custom:container-demuxer-webm: 4f35f7cbe854078d1ac9338744f61a02 -> 
  custom:container-demuxer-ogg: 62fdf1f143b41e24485cea50d1cbac27 -> 
  custom:video-encoder-webm-vp8: eb34c28f22e8b96e1ab97ce403110664 -> 
  custom:video-decoder-webm-vp8: 9c59270c3fd7afecdb556c50c9e8de78 -> 
  custom:audio-decoder-ogg-vorbis: bf7c407c2cedff20999df2af8eb42d56 -> 
  custom:audio-encoder-webm-vorbis: bf7c407c2cedff20999df2af8eb42d56 -> 
========================================================================
Received Import Request.
  Time since last request: 1305.290499 seconds.
  path: Assets/RenderingAssets/UniversalRenderPipelineAsset_Renderer.asset
  artifactKey: Guid(2ea9cbf0fb704024d9d7fc46ed23306c) Importer(815301076,1909f56bfc062723c751e8b465ee728b)
Start importing Assets/RenderingAssets/UniversalRenderPipelineAsset_Renderer.asset using Guid(2ea9cbf0fb704024d9d7fc46ed23306c) Importer(815301076,1909f56bfc062723c751e8b465ee728b)  -> (artifact id: '8d540793c59369767b304d574fa216b3') in 0.012424 seconds 
  Import took 0.017601 seconds .

========================================================================
Received Import Request.
  Time since last request: 0.002585 seconds.
  path: Assets/RenderingAssets/UniversalRenderPipelineAsset_Renderer.asset
  artifactKey: Guid(2ea9cbf0fb704024d9d7fc46ed23306c) Importer(815301076,1909f56bfc062723c751e8b465ee728b)
Start importing Assets/RenderingAssets/UniversalRenderPipelineAsset_Renderer.asset using Guid(2ea9cbf0fb704024d9d7fc46ed23306c) Importer(815301076,1909f56bfc062723c751e8b465ee728b)  -> (artifact id: '8d540793c59369767b304d574fa216b3') in 0.008670 seconds 
  Import took 0.013356 seconds .

========================================================================
Received Import Request.
  Time since last request: 204.926138 seconds.
  path: Assets/Scenes/SampleScene
  artifactKey: Guid(6519a02fe685b844eaa26f305a6efe67) Importer(815301076,1909f56bfc062723c751e8b465ee728b)
Start importing Assets/Scenes/SampleScene using Guid(6519a02fe685b844eaa26f305a6efe67) Importer(815301076,1909f56bfc062723c751e8b465ee728b)  -> (artifact id: '5964c0505b5b0bceb57d0137018d441e') in 0.009125 seconds 
  Import took 0.013889 seconds .

========================================================================
Received Import Request.
  Time since last request: 19.462670 seconds.
  path: Assets/Scenes/SampleScene/Global Volume Profile.asset
  artifactKey: Guid(06ac2fb1366f3ce4895cb18bdab6a26e) Importer(815301076,1909f56bfc062723c751e8b465ee728b)
Start importing Assets/Scenes/SampleScene/Global Volume Profile.asset using Guid(06ac2fb1366f3ce4895cb18bdab6a26e) Importer(815301076,1909f56bfc062723c751e8b465ee728b)  -> (artifact id: '04d93db000e68abee52fde5036463675') in 0.011727 seconds 
  Import took 0.016364 seconds .

========================================================================
Received Import Request.
  Time since last request: 47.595478 seconds.
  path: Assets/Scenes/SampleScene/Global Volume Profile.asset
  artifactKey: Guid(06ac2fb1366f3ce4895cb18bdab6a26e) Importer(815301076,1909f56bfc062723c751e8b465ee728b)
Start importing Assets/Scenes/SampleScene/Global Volume Profile.asset using Guid(06ac2fb1366f3ce4895cb18bdab6a26e) Importer(815301076,1909f56bfc062723c751e8b465ee728b)  -> (artifact id: '1827e77a2a2f3607e9357f18beba4911') in 0.012277 seconds 
  Import took 0.017147 seconds .

========================================================================
Received Import Request.
  Time since last request: 386.607000 seconds.
  path: Assets/AngryBotResources/Prefabs
  artifactKey: Guid(99833a7778abb46af9645f0196f47aae) Importer(815301076,1909f56bfc062723c751e8b465ee728b)
Start importing Assets/AngryBotResources/Prefabs using Guid(99833a7778abb46af9645f0196f47aae) Importer(815301076,1909f56bfc062723c751e8b465ee728b)  -> (artifact id: '94773864efb7b9782f68eebe7f0dc6ef') in 0.010573 seconds 
  Import took 0.016197 seconds .

========================================================================
Received Import Request.
  Time since last request: 428.962611 seconds.
  path: Assets/Scenes/SampleScene/Global Volume Profile.asset
  artifactKey: Guid(06ac2fb1366f3ce4895cb18bdab6a26e) Importer(815301076,1909f56bfc062723c751e8b465ee728b)
Start importing Assets/Scenes/SampleScene/Global Volume Profile.asset using Guid(06ac2fb1366f3ce4895cb18bdab6a26e) Importer(815301076,1909f56bfc062723c751e8b465ee728b)  -> (artifact id: 'be51c2c79b3445ccc6ba8ebb104c2900') in 0.012330 seconds 
  Import took 0.018277 seconds .

========================================================================
Received Import Request.
  Time since last request: 18.394457 seconds.
  path: Assets/Scenes/SampleScene/Global Volume Profile.asset
  artifactKey: Guid(06ac2fb1366f3ce4895cb18bdab6a26e) Importer(815301076,1909f56bfc062723c751e8b465ee728b)
Start importing Assets/Scenes/SampleScene/Global Volume Profile.asset using Guid(06ac2fb1366f3ce4895cb18bdab6a26e) Importer(815301076,1909f56bfc062723c751e8b465ee728b)  -> (artifact id: '34c2b35d7e44e3480976f44ead9c42d7') in 0.007653 seconds 
  Import took 0.013944 seconds .

========================================================================
Received Import Request.
  Time since last request: 352.918529 seconds.
  path: Assets/AngryBotResources/Prefabs/Player.prefab
  artifactKey: Guid(666022e2947554299a943b78a6f60459) Importer(815301076,1909f56bfc062723c751e8b465ee728b)
Start importing Assets/AngryBotResources/Prefabs/Player.prefab using Guid(666022e2947554299a943b78a6f60459) Importer(815301076,1909f56bfc062723c751e8b465ee728b)  -> (artifact id: 'bfc381cdbc5600d2c2bbfa62fc61f574') in 0.513169 seconds 
  Import took 0.521344 seconds .

========================================================================
Received Import Request.
  Time since last request: 75.671178 seconds.
  path: Assets/AngryBotResources/Models/Player/AnimationControllers/PlayerController.controller
  artifactKey: Guid(50de72e24196d5a4c9ee06afd595442e) Importer(815301076,1909f56bfc062723c751e8b465ee728b)
Start importing Assets/AngryBotResources/Models/Player/AnimationControllers/PlayerController.controller using Guid(50de72e24196d5a4c9ee06afd595442e) Importer(815301076,1909f56bfc062723c751e8b465ee728b)  -> (artifact id: '69a91d753bab898420cb7d2862247b67') in 0.024065 seconds 
  Import took 0.028641 seconds .

========================================================================
Received Prepare
Registering precompiled user dll's ...
Registered in 0.010110 seconds.
Begin MonoManager ReloadAssembly
Native extension for WindowsStandalone target not found
Refreshing native plugins compatible for Editor in 0.48 ms, found 2 plugins.
Preloading 0 native plugins for Editor in 0.00 ms.
Mono: successfully reloaded assembly
- Completed reload, in  1.190 seconds
Platform modules already initialized, skipping
Shader 'Universal Render Pipeline/Particles/Lit': fallback shader 'Universal Render Pipeline/Particles/SimpleLit' not found
Shader 'Universal Render Pipeline/Particles/Lit': fallback shader 'Universal Render Pipeline/Particles/SimpleLit' not found
Refreshing native plugins compatible for Editor in 0.51 ms, found 2 plugins.
Preloading 0 native plugins for Editor in 0.00 ms.
Unloading 2620 Unused Serialized files (Serialized files now loaded: 0)
System memory in use before: 139.0 MB.
System memory in use after: 136.2 MB.

Unloading 52 unused Assets to reduce memory usage. Loaded Objects now: 3146.
Total: 3.947600 ms (FindLiveObjects: 0.256700 ms CreateObjectMapping: 0.125000 ms MarkObjects: 2.179700 ms  DeleteObjects: 1.385400 ms)

AssetImportParameters requested are different than current active one (requested -> active):
  custom:framework-win-MediaFoundation: 216162199b28c13a410421893ffa2e32 -> 
  custom:video-decoder-ogg-theora: a1e56fd34408186e4bbccfd4996cb3dc -> 
  custom:container-muxer-webm: aa71ff27fc2769a1b78a27578f13a17b -> 
  custom:container-demuxer-webm: 4f35f7cbe854078d1ac9338744f61a02 -> 
  custom:container-demuxer-ogg: 62fdf1f143b41e24485cea50d1cbac27 -> 
  custom:video-encoder-webm-vp8: eb34c28f22e8b96e1ab97ce403110664 -> 
  custom:video-decoder-webm-vp8: 9c59270c3fd7afecdb556c50c9e8de78 -> 
  custom:audio-decoder-ogg-vorbis: bf7c407c2cedff20999df2af8eb42d56 -> 
  custom:audio-encoder-webm-vorbis: bf7c407c2cedff20999df2af8eb42d56 -> 
========================================================================
Received Import Request.
  Time since last request: 184.734939 seconds.
  path: Assets/Scripts
  artifactKey: Guid(4d6a06040ee0f8a4b85a0688bfc52fc4) Importer(815301076,1909f56bfc062723c751e8b465ee728b)
Start importing Assets/Scripts using Guid(4d6a06040ee0f8a4b85a0688bfc52fc4) Importer(815301076,1909f56bfc062723c751e8b465ee728b)  -> (artifact id: '3638557ffc727a970aa2912855a9cab1') in 0.009915 seconds 
  Import took 0.013931 seconds .

========================================================================
Received Import Request.
  Time since last request: 31.338481 seconds.
  path: Assets/Scripts/MoveMent.cs
  artifactKey: Guid(4b3d8688375cd514586ea8f4d1dac6ed) Importer(815301076,1909f56bfc062723c751e8b465ee728b)
Start importing Assets/Scripts/MoveMent.cs using Guid(4b3d8688375cd514586ea8f4d1dac6ed) Importer(815301076,1909f56bfc062723c751e8b465ee728b)  -> (artifact id: '4025193a412f657500540cdd81cb6e50') in 0.032019 seconds 
  Import took 0.038016 seconds .

========================================================================
Received Prepare
Registering precompiled user dll's ...
Registered in 0.010698 seconds.
Begin MonoManager ReloadAssembly
Native extension for WindowsStandalone target not found
Refreshing native plugins compatible for Editor in 0.91 ms, found 2 plugins.
Preloading 0 native plugins for Editor in 0.00 ms.
Mono: successfully reloaded assembly
- Completed reload, in  1.726 seconds
Platform modules already initialized, skipping
Script is not up to date after domain reload: guid(4c96c36b9178dba47b94be5f2c54152d) path("Assets/Scripts/NewBehaviourScript.cs") state(2)
Shader 'Universal Render Pipeline/Particles/Lit': fallback shader 'Universal Render Pipeline/Particles/SimpleLit' not found
Shader 'Universal Render Pipeline/Particles/Lit': fallback shader 'Universal Render Pipeline/Particles/SimpleLit' not found
Refreshing native plugins compatible for Editor in 0.63 ms, found 2 plugins.
Preloading 0 native plugins for Editor in 0.00 ms.
Unloading 2621 Unused Serialized files (Serialized files now loaded: 0)
System memory in use before: 139.1 MB.
System memory in use after: 136.3 MB.

Unloading 50 unused Assets to reduce memory usage. Loaded Objects now: 3150.
Total: 5.386100 ms (FindLiveObjects: 0.314100 ms CreateObjectMapping: 0.151100 ms MarkObjects: 2.252400 ms  DeleteObjects: 2.667200 ms)

AssetImportParameters requested are different than current active one (requested -> active):
  custom:framework-win-MediaFoundation: 216162199b28c13a410421893ffa2e32 -> 
  custom:video-decoder-ogg-theora: a1e56fd34408186e4bbccfd4996cb3dc -> 
  custom:container-muxer-webm: aa71ff27fc2769a1b78a27578f13a17b -> 
  custom:container-demuxer-webm: 4f35f7cbe854078d1ac9338744f61a02 -> 
  custom:container-demuxer-ogg: 62fdf1f143b41e24485cea50d1cbac27 -> 
  custom:video-encoder-webm-vp8: eb34c28f22e8b96e1ab97ce403110664 -> 
  custom:video-decoder-webm-vp8: 9c59270c3fd7afecdb556c50c9e8de78 -> 
  custom:audio-decoder-ogg-vorbis: bf7c407c2cedff20999df2af8eb42d56 -> 
  custom:audio-encoder-webm-vorbis: bf7c407c2cedff20999df2af8eb42d56 -> 
========================================================================
Received Import Request.
  Time since last request: 33.018873 seconds.
  path: Assets/Scripts/NewBehaviourScript.cs
  artifactKey: Guid(4c96c36b9178dba47b94be5f2c54152d) Importer(815301076,1909f56bfc062723c751e8b465ee728b)
Start importing Assets/Scripts/NewBehaviourScript.cs using Guid(4c96c36b9178dba47b94be5f2c54152d) Importer(815301076,1909f56bfc062723c751e8b465ee728b)  -> (artifact id: '4e0f8b677b89b2833c55ada9ea9c0375') in 0.012599 seconds 
  Import took 0.017879 seconds .

========================================================================
Received Prepare
Registering precompiled user dll's ...
Registered in 0.067674 seconds.
Begin MonoManager ReloadAssembly
Native extension for WindowsStandalone target not found
Refreshing native plugins compatible for Editor in 0.55 ms, found 2 plugins.
Preloading 0 native plugins for Editor in 0.00 ms.
Mono: successfully reloaded assembly
- Completed reload, in  1.385 seconds
Platform modules already initialized, skipping
Shader 'Universal Render Pipeline/Particles/Lit': fallback shader 'Universal Render Pipeline/Particles/SimpleLit' not found
Shader 'Universal Render Pipeline/Particles/Lit': fallback shader 'Universal Render Pipeline/Particles/SimpleLit' not found
Refreshing native plugins compatible for Editor in 0.57 ms, found 2 plugins.
Preloading 0 native plugins for Editor in 0.00 ms.
Unloading 2621 Unused Serialized files (Serialized files now loaded: 0)
System memory in use before: 139.2 MB.
System memory in use after: 136.4 MB.

Unloading 50 unused Assets to reduce memory usage. Loaded Objects now: 3153.
Total: 5.137300 ms (FindLiveObjects: 0.379200 ms CreateObjectMapping: 0.247100 ms MarkObjects: 2.742300 ms  DeleteObjects: 1.767400 ms)

AssetImportParameters requested are different than current active one (requested -> active):
  custom:framework-win-MediaFoundation: 216162199b28c13a410421893ffa2e32 -> 
  custom:video-decoder-ogg-theora: a1e56fd34408186e4bbccfd4996cb3dc -> 
  custom:container-muxer-webm: aa71ff27fc2769a1b78a27578f13a17b -> 
  custom:container-demuxer-webm: 4f35f7cbe854078d1ac9338744f61a02 -> 
  custom:container-demuxer-ogg: 62fdf1f143b41e24485cea50d1cbac27 -> 
  custom:video-encoder-webm-vp8: eb34c28f22e8b96e1ab97ce403110664 -> 
  custom:video-decoder-webm-vp8: 9c59270c3fd7afecdb556c50c9e8de78 -> 
  custom:audio-decoder-ogg-vorbis: bf7c407c2cedff20999df2af8eb42d56 -> 
  custom:audio-encoder-webm-vorbis: bf7c407c2cedff20999df2af8eb42d56 -> 
========================================================================
Received Prepare
Registering precompiled user dll's ...
Registered in 0.007596 seconds.
Begin MonoManager ReloadAssembly
Native extension for WindowsStandalone target not found
Refreshing native plugins compatible for Editor in 0.50 ms, found 2 plugins.
Preloading 0 native plugins for Editor in 0.00 ms.
Mono: successfully reloaded assembly
- Completed reload, in  1.159 seconds
Platform modules already initialized, skipping
Shader 'Universal Render Pipeline/Particles/Lit': fallback shader 'Universal Render Pipeline/Particles/SimpleLit' not found
Shader 'Universal Render Pipeline/Particles/Lit': fallback shader 'Universal Render Pipeline/Particles/SimpleLit' not found
Refreshing native plugins compatible for Editor in 0.53 ms, found 2 plugins.
Preloading 0 native plugins for Editor in 0.00 ms.
Unloading 2621 Unused Serialized files (Serialized files now loaded: 0)
System memory in use before: 139.2 MB.
System memory in use after: 136.4 MB.

Unloading 50 unused Assets to reduce memory usage. Loaded Objects now: 3156.
Total: 3.915300 ms (FindLiveObjects: 0.267600 ms CreateObjectMapping: 0.130100 ms MarkObjects: 1.976000 ms  DeleteObjects: 1.540600 ms)

AssetImportParameters requested are different than current active one (requested -> active):
  custom:framework-win-MediaFoundation: 216162199b28c13a410421893ffa2e32 -> 
  custom:video-decoder-ogg-theora: a1e56fd34408186e4bbccfd4996cb3dc -> 
  custom:container-muxer-webm: aa71ff27fc2769a1b78a27578f13a17b -> 
  custom:container-demuxer-webm: 4f35f7cbe854078d1ac9338744f61a02 -> 
  custom:container-demuxer-ogg: 62fdf1f143b41e24485cea50d1cbac27 -> 
  custom:video-encoder-webm-vp8: eb34c28f22e8b96e1ab97ce403110664 -> 
  custom:video-decoder-webm-vp8: 9c59270c3fd7afecdb556c50c9e8de78 -> 
  custom:audio-decoder-ogg-vorbis: bf7c407c2cedff20999df2af8eb42d56 -> 
  custom:audio-encoder-webm-vorbis: bf7c407c2cedff20999df2af8eb42d56 -> 
========================================================================
Received Prepare
Registering precompiled user dll's ...
Registered in 0.006592 seconds.
Begin MonoManager ReloadAssembly
Native extension for WindowsStandalone target not found
Refreshing native plugins compatible for Editor in 0.49 ms, found 2 plugins.
Preloading 0 native plugins for Editor in 0.00 ms.
Mono: successfully reloaded assembly
- Completed reload, in  1.162 seconds
Platform modules already initialized, skipping
Shader 'Universal Render Pipeline/Particles/Lit': fallback shader 'Universal Render Pipeline/Particles/SimpleLit' not found
Shader 'Universal Render Pipeline/Particles/Lit': fallback shader 'Universal Render Pipeline/Particles/SimpleLit' not found
Refreshing native plugins compatible for Editor in 0.55 ms, found 2 plugins.
Preloading 0 native plugins for Editor in 0.00 ms.
Unloading 2620 Unused Serialized files (Serialized files now loaded: 0)
System memory in use before: 139.2 MB.
System memory in use after: 136.4 MB.

Unloading 51 unused Assets to reduce memory usage. Loaded Objects now: 3158.
Total: 4.350600 ms (FindLiveObjects: 0.248000 ms CreateObjectMapping: 0.115000 ms MarkObjects: 2.486600 ms  DeleteObjects: 1.499800 ms)

AssetImportParameters requested are different than current active one (requested -> active):
  custom:framework-win-MediaFoundation: 216162199b28c13a410421893ffa2e32 -> 
  custom:video-decoder-ogg-theora: a1e56fd34408186e4bbccfd4996cb3dc -> 
  custom:container-muxer-webm: aa71ff27fc2769a1b78a27578f13a17b -> 
  custom:container-demuxer-webm: 4f35f7cbe854078d1ac9338744f61a02 -> 
  custom:container-demuxer-ogg: 62fdf1f143b41e24485cea50d1cbac27 -> 
  custom:video-encoder-webm-vp8: eb34c28f22e8b96e1ab97ce403110664 -> 
  custom:video-decoder-webm-vp8: 9c59270c3fd7afecdb556c50c9e8de78 -> 
  custom:audio-decoder-ogg-vorbis: bf7c407c2cedff20999df2af8eb42d56 -> 
  custom:audio-encoder-webm-vorbis: bf7c407c2cedff20999df2af8eb42d56 -> 
========================================================================
Received Import Request.
  Time since last request: 20.422288 seconds.
  path: Assets/Scripts/Movement.cs
  artifactKey: Guid(4b3d8688375cd514586ea8f4d1dac6ed) Importer(815301076,1909f56bfc062723c751e8b465ee728b)
Start importing Assets/Scripts/Movement.cs using Guid(4b3d8688375cd514586ea8f4d1dac6ed) Importer(815301076,1909f56bfc062723c751e8b465ee728b)  -> (artifact id: '4c5a472bc1d136f577711db3ba295bc6') in 0.023276 seconds 
  Import took 0.028276 seconds .

========================================================================
Received Prepare
Registering precompiled user dll's ...
Registered in 0.005723 seconds.
Begin MonoManager ReloadAssembly
Native extension for WindowsStandalone target not found
Refreshing native plugins compatible for Editor in 0.59 ms, found 2 plugins.
Preloading 0 native plugins for Editor in 0.00 ms.
Mono: successfully reloaded assembly
- Completed reload, in  1.369 seconds
Platform modules already initialized, skipping
Shader 'Universal Render Pipeline/Particles/Lit': fallback shader 'Universal Render Pipeline/Particles/SimpleLit' not found
Shader 'Universal Render Pipeline/Particles/Lit': fallback shader 'Universal Render Pipeline/Particles/SimpleLit' not found
Refreshing native plugins compatible for Editor in 0.54 ms, found 2 plugins.
Preloading 0 native plugins for Editor in 0.00 ms.
Unloading 2621 Unused Serialized files (Serialized files now loaded: 0)
System memory in use before: 139.2 MB.
System memory in use after: 136.4 MB.

Unloading 50 unused Assets to reduce memory usage. Loaded Objects now: 3162.
Total: 5.370600 ms (FindLiveObjects: 0.717400 ms CreateObjectMapping: 0.472300 ms MarkObjects: 2.367800 ms  DeleteObjects: 1.811400 ms)

AssetImportParameters requested are different than current active one (requested -> active):
  custom:framework-win-MediaFoundation: 216162199b28c13a410421893ffa2e32 -> 
  custom:video-decoder-ogg-theora: a1e56fd34408186e4bbccfd4996cb3dc -> 
  custom:container-muxer-webm: aa71ff27fc2769a1b78a27578f13a17b -> 
  custom:container-demuxer-webm: 4f35f7cbe854078d1ac9338744f61a02 -> 
  custom:container-demuxer-ogg: 62fdf1f143b41e24485cea50d1cbac27 -> 
  custom:video-encoder-webm-vp8: eb34c28f22e8b96e1ab97ce403110664 -> 
  custom:video-decoder-webm-vp8: 9c59270c3fd7afecdb556c50c9e8de78 -> 
  custom:audio-decoder-ogg-vorbis: bf7c407c2cedff20999df2af8eb42d56 -> 
  custom:audio-encoder-webm-vorbis: bf7c407c2cedff20999df2af8eb42d56 -> 
========================================================================
Received Prepare
Registering precompiled user dll's ...
Registered in 0.013441 seconds.
Begin MonoManager ReloadAssembly
Native extension for WindowsStandalone target not found
Refreshing native plugins compatible for Editor in 0.69 ms, found 2 plugins.
Preloading 0 native plugins for Editor in 0.00 ms.
Mono: successfully reloaded assembly
- Completed reload, in  1.533 seconds
Platform modules already initialized, skipping
Shader 'Universal Render Pipeline/Particles/Lit': fallback shader 'Universal Render Pipeline/Particles/SimpleLit' not found
Shader 'Universal Render Pipeline/Particles/Lit': fallback shader 'Universal Render Pipeline/Particles/SimpleLit' not found
Refreshing native plugins compatible for Editor in 0.57 ms, found 2 plugins.
Preloading 0 native plugins for Editor in 0.00 ms.
Unloading 2621 Unused Serialized files (Serialized files now loaded: 0)
System memory in use before: 139.2 MB.
System memory in use after: 136.4 MB.

Unloading 50 unused Assets to reduce memory usage. Loaded Objects now: 3165.
Total: 13.840100 ms (FindLiveObjects: 0.403400 ms CreateObjectMapping: 0.189900 ms MarkObjects: 2.417700 ms  DeleteObjects: 10.827800 ms)

AssetImportParameters requested are different than current active one (requested -> active):
  custom:framework-win-MediaFoundation: 216162199b28c13a410421893ffa2e32 -> 
  custom:video-decoder-ogg-theora: a1e56fd34408186e4bbccfd4996cb3dc -> 
  custom:container-muxer-webm: aa71ff27fc2769a1b78a27578f13a17b -> 
  custom:container-demuxer-webm: 4f35f7cbe854078d1ac9338744f61a02 -> 
  custom:container-demuxer-ogg: 62fdf1f143b41e24485cea50d1cbac27 -> 
  custom:video-encoder-webm-vp8: eb34c28f22e8b96e1ab97ce403110664 -> 
  custom:video-decoder-webm-vp8: 9c59270c3fd7afecdb556c50c9e8de78 -> 
  custom:audio-decoder-ogg-vorbis: bf7c407c2cedff20999df2af8eb42d56 -> 
  custom:audio-encoder-webm-vorbis: bf7c407c2cedff20999df2af8eb42d56 -> 
========================================================================
Received Import Request.
  Time since last request: 2411.061148 seconds.
  path: Assets/Scripts/Movement.cs
  artifactKey: Guid(4b3d8688375cd514586ea8f4d1dac6ed) Importer(815301076,1909f56bfc062723c751e8b465ee728b)
Start importing Assets/Scripts/Movement.cs using Guid(4b3d8688375cd514586ea8f4d1dac6ed) Importer(815301076,1909f56bfc062723c751e8b465ee728b)  -> (artifact id: '5932c97f2029f188242972e98c5ab465') in 0.026944 seconds 
  Import took 0.032721 seconds .

========================================================================
Received Prepare
Registering precompiled user dll's ...
Registered in 0.006603 seconds.
Begin MonoManager ReloadAssembly
Native extension for WindowsStandalone target not found
Refreshing native plugins compatible for Editor in 0.52 ms, found 2 plugins.
Preloading 0 native plugins for Editor in 0.00 ms.
Mono: successfully reloaded assembly
- Completed reload, in  1.307 seconds
Platform modules already initialized, skipping
Shader 'Universal Render Pipeline/Particles/Lit': fallback shader 'Universal Render Pipeline/Particles/SimpleLit' not found
Shader 'Universal Render Pipeline/Particles/Lit': fallback shader 'Universal Render Pipeline/Particles/SimpleLit' not found
Refreshing native plugins compatible for Editor in 0.74 ms, found 2 plugins.
Preloading 0 native plugins for Editor in 0.00 ms.
Unloading 2621 Unused Serialized files (Serialized files now loaded: 0)
System memory in use before: 139.2 MB.
System memory in use after: 136.4 MB.

Unloading 50 unused Assets to reduce memory usage. Loaded Objects now: 3168.
Total: 4.768600 ms (FindLiveObjects: 0.423900 ms CreateObjectMapping: 0.187800 ms MarkObjects: 2.357000 ms  DeleteObjects: 1.798700 ms)

AssetImportParameters requested are different than current active one (requested -> active):
  custom:framework-win-MediaFoundation: 216162199b28c13a410421893ffa2e32 -> 
  custom:video-decoder-ogg-theora: a1e56fd34408186e4bbccfd4996cb3dc -> 
  custom:container-muxer-webm: aa71ff27fc2769a1b78a27578f13a17b -> 
  custom:container-demuxer-webm: 4f35f7cbe854078d1ac9338744f61a02 -> 
  custom:container-demuxer-ogg: 62fdf1f143b41e24485cea50d1cbac27 -> 
  custom:video-encoder-webm-vp8: eb34c28f22e8b96e1ab97ce403110664 -> 
  custom:video-decoder-webm-vp8: 9c59270c3fd7afecdb556c50c9e8de78 -> 
  custom:audio-decoder-ogg-vorbis: bf7c407c2cedff20999df2af8eb42d56 -> 
  custom:audio-encoder-webm-vorbis: bf7c407c2cedff20999df2af8eb42d56 -> 
========================================================================
Received Prepare
Registering precompiled user dll's ...
Registered in 0.007990 seconds.
Begin MonoManager ReloadAssembly
Native extension for WindowsStandalone target not found
Refreshing native plugins compatible for Editor in 0.62 ms, found 2 plugins.
Preloading 0 native plugins for Editor in 0.00 ms.
Invalid AssetDatabase path: /Editor/EditorResources/cm_logo_sm.png. Use path relative to the project folder.
UnityEngine.StackTraceUtility:ExtractStackTrace ()
UnityEditor.AssetDatabase:LoadAssetAtPath<UnityEngine.Texture2D> (string)
Cinemachine.Editor.CinemachineSettings:get_CinemachineLogoTexture () (at Library/PackageCache/com.unity.cinemachine@2.6.10/Editor/Windows/CinemachineSettings.cs:205)
Cinemachine.Editor.CinemachineSettings:.cctor () (at Library/PackageCache/com.unity.cinemachine@2.6.10/Editor/Windows/CinemachineSettings.cs:237)
Cinemachine.CinemachineColliderPrefs:.cctor () (at Library/PackageCache/com.unity.cinemachine@2.6.10/Editor/Windows/CinemachineColliderPrefs.cs:61)
System.Runtime.CompilerServices.RuntimeHelpers:RunClassConstructor (System.RuntimeTypeHandle)
UnityEditor.EditorAssemblies:ProcessInitializeOnLoadAttributes (System.Type[])

[Library/PackageCache/com.unity.cinemachine@2.6.10/Editor/Windows/CinemachineSettings.cs line 205]

Mono: successfully reloaded assembly
- Completed reload, in  1.448 seconds
Platform modules already initialized, skipping
Shader 'Universal Render Pipeline/Particles/Lit': fallback shader 'Universal Render Pipeline/Particles/SimpleLit' not found
Shader 'Universal Render Pipeline/Particles/Lit': fallback shader 'Universal Render Pipeline/Particles/SimpleLit' not found
Refreshing native plugins compatible for Editor in 0.56 ms, found 2 plugins.
Preloading 0 native plugins for Editor in 0.00 ms.
Unloading 2768 Unused Serialized files (Serialized files now loaded: 0)
System memory in use before: 144.1 MB.
System memory in use after: 141.4 MB.

Unloading 51 unused Assets to reduce memory usage. Loaded Objects now: 3317.
Total: 5.139400 ms (FindLiveObjects: 0.284100 ms CreateObjectMapping: 0.137500 ms MarkObjects: 3.196600 ms  DeleteObjects: 1.519900 ms)

AssetImportParameters requested are different than current active one (requested -> active):
  custom:framework-win-MediaFoundation: 216162199b28c13a410421893ffa2e32 -> 
  custom:video-decoder-ogg-theora: a1e56fd34408186e4bbccfd4996cb3dc -> 
  custom:container-muxer-webm: aa71ff27fc2769a1b78a27578f13a17b -> 
  custom:container-demuxer-webm: 4f35f7cbe854078d1ac9338744f61a02 -> 
  custom:container-demuxer-ogg: 62fdf1f143b41e24485cea50d1cbac27 -> 
  custom:video-encoder-webm-vp8: eb34c28f22e8b96e1ab97ce403110664 -> 
  custom:video-decoder-webm-vp8: 9c59270c3fd7afecdb556c50c9e8de78 -> 
  custom:audio-decoder-ogg-vorbis: bf7c407c2cedff20999df2af8eb42d56 -> 
  custom:audio-encoder-webm-vorbis: bf7c407c2cedff20999df2af8eb42d56 -> 
========================================================================
Received Prepare
Registering precompiled user dll's ...
Registered in 0.009016 seconds.
Begin MonoManager ReloadAssembly
Native extension for WindowsStandalone target not found
Refreshing native plugins compatible for Editor in 0.54 ms, found 2 plugins.
Preloading 0 native plugins for Editor in 0.00 ms.
Mono: successfully reloaded assembly
- Completed reload, in  1.240 seconds
Platform modules already initialized, skipping
Shader 'Universal Render Pipeline/Particles/Lit': fallback shader 'Universal Render Pipeline/Particles/SimpleLit' not found
Shader 'Universal Render Pipeline/Particles/Lit': fallback shader 'Universal Render Pipeline/Particles/SimpleLit' not found
Refreshing native plugins compatible for Editor in 0.56 ms, found 2 plugins.
Preloading 0 native plugins for Editor in 0.00 ms.
Unloading 2769 Unused Serialized files (Serialized files now loaded: 0)
System memory in use before: 144.3 MB.
System memory in use after: 141.5 MB.

Unloading 52 unused Assets to reduce memory usage. Loaded Objects now: 3321.
Total: 5.755800 ms (FindLiveObjects: 0.782300 ms CreateObjectMapping: 0.231100 ms MarkObjects: 2.994400 ms  DeleteObjects: 1.746800 ms)

AssetImportParameters requested are different than current active one (requested -> active):
  custom:framework-win-MediaFoundation: 216162199b28c13a410421893ffa2e32 -> 
  custom:video-decoder-ogg-theora: a1e56fd34408186e4bbccfd4996cb3dc -> 
  custom:container-muxer-webm: aa71ff27fc2769a1b78a27578f13a17b -> 
  custom:container-demuxer-webm: 4f35f7cbe854078d1ac9338744f61a02 -> 
  custom:container-demuxer-ogg: 62fdf1f143b41e24485cea50d1cbac27 -> 
  custom:video-encoder-webm-vp8: eb34c28f22e8b96e1ab97ce403110664 -> 
  custom:video-decoder-webm-vp8: 9c59270c3fd7afecdb556c50c9e8de78 -> 
  custom:audio-decoder-ogg-vorbis: bf7c407c2cedff20999df2af8eb42d56 -> 
  custom:audio-encoder-webm-vorbis: bf7c407c2cedff20999df2af8eb42d56 -> 
========================================================================
Received Prepare
Registering precompiled user dll's ...
Registered in 0.019926 seconds.
Begin MonoManager ReloadAssembly
Native extension for WindowsStandalone target not found
Refreshing native plugins compatible for Editor in 0.56 ms, found 2 plugins.
Preloading 0 native plugins for Editor in 0.00 ms.
Mono: successfully reloaded assembly
- Completed reload, in  1.228 seconds
Platform modules already initialized, skipping
Shader 'Universal Render Pipeline/Particles/Lit': fallback shader 'Universal Render Pipeline/Particles/SimpleLit' not found
Shader 'Universal Render Pipeline/Particles/Lit': fallback shader 'Universal Render Pipeline/Particles/SimpleLit' not found
Refreshing native plugins compatible for Editor in 0.68 ms, found 2 plugins.
Preloading 0 native plugins for Editor in 0.00 ms.
Unloading 2768 Unused Serialized files (Serialized files now loaded: 0)
System memory in use before: 144.2 MB.
System memory in use after: 141.5 MB.

Unloading 52 unused Assets to reduce memory usage. Loaded Objects now: 3324.
Total: 4.362500 ms (FindLiveObjects: 0.278400 ms CreateObjectMapping: 0.134000 ms MarkObjects: 2.377800 ms  DeleteObjects: 1.571500 ms)

AssetImportParameters requested are different than current active one (requested -> active):
  custom:framework-win-MediaFoundation: 216162199b28c13a410421893ffa2e32 -> 
  custom:video-decoder-ogg-theora: a1e56fd34408186e4bbccfd4996cb3dc -> 
  custom:container-muxer-webm: aa71ff27fc2769a1b78a27578f13a17b -> 
  custom:container-demuxer-webm: 4f35f7cbe854078d1ac9338744f61a02 -> 
  custom:container-demuxer-ogg: 62fdf1f143b41e24485cea50d1cbac27 -> 
  custom:video-encoder-webm-vp8: eb34c28f22e8b96e1ab97ce403110664 -> 
  custom:video-decoder-webm-vp8: 9c59270c3fd7afecdb556c50c9e8de78 -> 
  custom:audio-decoder-ogg-vorbis: bf7c407c2cedff20999df2af8eb42d56 -> 
  custom:audio-encoder-webm-vorbis: bf7c407c2cedff20999df2af8eb42d56 -> 
========================================================================
Received Prepare
Registering precompiled user dll's ...
Registered in 0.472936 seconds.
Begin MonoManager ReloadAssembly
Native extension for WindowsStandalone target not found
Refreshing native plugins compatible for Editor in 0.59 ms, found 2 plugins.
Preloading 0 native plugins for Editor in 0.00 ms.
Mono: successfully reloaded assembly
- Completed reload, in  1.795 seconds
Platform modules already initialized, skipping
Shader 'Universal Render Pipeline/Particles/Lit': fallback shader 'Universal Render Pipeline/Particles/SimpleLit' not found
Shader 'Universal Render Pipeline/Particles/Lit': fallback shader 'Universal Render Pipeline/Particles/SimpleLit' not found
Refreshing native plugins compatible for Editor in 0.58 ms, found 2 plugins.
Preloading 0 native plugins for Editor in 0.00 ms.
Unloading 2768 Unused Serialized files (Serialized files now loaded: 0)
System memory in use before: 144.3 MB.
System memory in use after: 141.5 MB.

Unloading 52 unused Assets to reduce memory usage. Loaded Objects now: 3327.
Total: 10.597600 ms (FindLiveObjects: 1.380800 ms CreateObjectMapping: 0.219900 ms MarkObjects: 6.252000 ms  DeleteObjects: 2.743400 ms)

AssetImportParameters requested are different than current active one (requested -> active):
  custom:framework-win-MediaFoundation: 216162199b28c13a410421893ffa2e32 -> 
  custom:video-decoder-ogg-theora: a1e56fd34408186e4bbccfd4996cb3dc -> 
  custom:container-muxer-webm: aa71ff27fc2769a1b78a27578f13a17b -> 
  custom:container-demuxer-webm: 4f35f7cbe854078d1ac9338744f61a02 -> 
  custom:container-demuxer-ogg: 62fdf1f143b41e24485cea50d1cbac27 -> 
  custom:video-encoder-webm-vp8: eb34c28f22e8b96e1ab97ce403110664 -> 
  custom:video-decoder-webm-vp8: 9c59270c3fd7afecdb556c50c9e8de78 -> 
  custom:audio-decoder-ogg-vorbis: bf7c407c2cedff20999df2af8eb42d56 -> 
  custom:audio-encoder-webm-vorbis: bf7c407c2cedff20999df2af8eb42d56 -> 
AssetImportWorkerClient::OnTransportError - code=2 error=End of file
