Using pre-set license
Built from '2020.3/staging' branch; Version is '2020.3.10f1 (297d780c91bc) revision 2719096'; Using compiler version '192528614'; Build Type 'Release'
OS: 'Windows 10 Pro; OS build 19042.1052; Version 2009; 64bit' Language: 'ko' Physical Memory: 4076 MB
BatchMode: 1, IsHumanControllingUs: 0, StartBugReporterOnCrash: 0, Is64bit: 1, IsPro: 0

 COMMAND LINE ARGUMENTS:
C:\Program Files\Unity\Hub\Editor\2020.3.10f1\Editor\Unity.exe
-adb2
-batchMode
-noUpm
-name
AssetImportWorker1
-projectPath
C:/Users/admin/Documents/GitHub/Class--Unity/TappyPlane
-logFile
Logs/AssetImportWorker1.log
-srvPort
57897
Successfully changed project path to: C:/Users/admin/Documents/GitHub/Class--Unity/TappyPlane
C:/Users/admin/Documents/GitHub/Class--Unity/TappyPlane
Using Asset Import Pipeline V2.
Refreshing native plugins compatible for Editor in 75.24 ms, found 3 plugins.
Preloading 0 native plugins for Editor in 0.00 ms.
Initialize engine version: 2020.3.10f1 (297d780c91bc)
[Subsystems] Discovering subsystems at path C:/Program Files/Unity/Hub/Editor/2020.3.10f1/Editor/Data/Resources/UnitySubsystems
[Subsystems] Discovering subsystems at path C:/Users/admin/Documents/GitHub/Class--Unity/TappyPlane/Assets
GfxDevice: creating device client; threaded=0
Direct3D:
    Version:  Direct3D 11.0 [level 11.0]
    Renderer: NVIDIA GeForce GTS 450 (ID=0x1245)
    Vendor:   
    VRAM:     979 MB
    Driver:   23.21.13.8813
Initialize mono
Mono path[0] = 'C:/Program Files/Unity/Hub/Editor/2020.3.10f1/Editor/Data/Managed'
Mono path[1] = 'C:/Program Files/Unity/Hub/Editor/2020.3.10f1/Editor/Data/MonoBleedingEdge/lib/mono/unityjit'
Mono config path = 'C:/Program Files/Unity/Hub/Editor/2020.3.10f1/Editor/Data/MonoBleedingEdge/etc'
Using monoOptions --debugger-agent=transport=dt_socket,embedding=1,server=y,suspend=n,address=127.0.0.1:56336
Begin MonoManager ReloadAssembly
Registering precompiled unity dll's ...
Register platform support module: C:/Program Files/Unity/Hub/Editor/2020.3.10f1/Editor/Data/PlaybackEngines/WindowsStandaloneSupport/UnityEditor.WindowsStandalone.Extensions.dll
Registered in 0.005452 seconds.
Native extension for WindowsStandalone target not found
Refreshing native plugins compatible for Editor in 63.08 ms, found 3 plugins.
Preloading 0 native plugins for Editor in 0.00 ms.
Mono: successfully reloaded assembly
- Completed reload, in 12.785 seconds
Platform modules already initialized, skipping
Registering precompiled user dll's ...
Registered in 0.020223 seconds.
Begin MonoManager ReloadAssembly
Native extension for WindowsStandalone target not found
Refreshing native plugins compatible for Editor in 63.47 ms, found 3 plugins.
Preloading 0 native plugins for Editor in 0.00 ms.
Mono: successfully reloaded assembly
- Completed reload, in  2.044 seconds
Platform modules already initialized, skipping
========================================================================
Worker process is ready to serve import requests
Launched and connected shader compiler UnityShaderCompiler.exe after 0.30 seconds
Refreshing native plugins compatible for Editor in 0.57 ms, found 3 plugins.
Preloading 0 native plugins for Editor in 0.00 ms.
Unloading 2088 Unused Serialized files (Serialized files now loaded: 0)
System memory in use before: 95.8 MB.
System memory in use after: 95.7 MB.

Unloading 33 unused Assets to reduce memory usage. Loaded Objects now: 2523.
Total: 3.782400 ms (FindLiveObjects: 0.221700 ms CreateObjectMapping: 0.104400 ms MarkObjects: 3.253000 ms  DeleteObjects: 0.201300 ms)

========================================================================
Received Import Request.
  path: Assets/Resources/Tappy Plane/PNG/Letters/letterR.png
  artifactKey: Guid(6afacf0b54730bf4a9e2e5a3a226d40d) Importer(815301076,1909f56bfc062723c751e8b465ee728b)
Start importing Assets/Resources/Tappy Plane/PNG/Letters/letterR.png using Guid(6afacf0b54730bf4a9e2e5a3a226d40d) Importer(815301076,1909f56bfc062723c751e8b465ee728b)  -> (artifact id: '4e77076fb1ffc5feda437da7e1395ff5') in 0.318398 seconds
  Import took 0.325083 seconds .

========================================================================
Received Import Request.
  Time since last request: 111.848941 seconds.
  path: Assets/Resources/Tappy Plane/PNG/Letters/letterG.png
  artifactKey: Guid(83ebdd1334a9aa14fa60e9012a29da49) Importer(815301076,1909f56bfc062723c751e8b465ee728b)
Start importing Assets/Resources/Tappy Plane/PNG/Letters/letterG.png using Guid(83ebdd1334a9aa14fa60e9012a29da49) Importer(815301076,1909f56bfc062723c751e8b465ee728b)  -> (artifact id: '62e40d87f2113f0a1624c09b1097e8ac') in 0.031091 seconds
  Import took 0.039427 seconds .

========================================================================
Received Import Request.
  Time since last request: 0.000779 seconds.
  path: Assets/Resources/Tappy Plane/PNG/Letters/letterG.png
  artifactKey: Guid(83ebdd1334a9aa14fa60e9012a29da49) Importer(815301076,1909f56bfc062723c751e8b465ee728b)
Start importing Assets/Resources/Tappy Plane/PNG/Letters/letterG.png using Guid(83ebdd1334a9aa14fa60e9012a29da49) Importer(815301076,1909f56bfc062723c751e8b465ee728b)  -> (artifact id: '62e40d87f2113f0a1624c09b1097e8ac') in 0.016219 seconds
  Import took 0.021889 seconds .

========================================================================
Received Import Request.
  Time since last request: 285.850330 seconds.
  path: Assets/Prefabs/letterG.prefab
  artifactKey: Guid(7dcf39983ab487647b0d8968af7d20a4) Importer(815301076,1909f56bfc062723c751e8b465ee728b)
Start importing Assets/Prefabs/letterG.prefab using Guid(7dcf39983ab487647b0d8968af7d20a4) Importer(815301076,1909f56bfc062723c751e8b465ee728b)  -> (artifact id: 'ef5aba22d3b57dcebf159ebef05ad7c1') in 0.103597 seconds
  Import took 0.109585 seconds .

========================================================================
Received Import Request.
  Time since last request: 1.417226 seconds.
  path: Assets/Prefabs/letterO.prefab
  artifactKey: Guid(d4f955b88a315c84d867cda6ddfc36ee) Importer(815301076,1909f56bfc062723c751e8b465ee728b)
Start importing Assets/Prefabs/letterO.prefab using Guid(d4f955b88a315c84d867cda6ddfc36ee) Importer(815301076,1909f56bfc062723c751e8b465ee728b)  -> (artifact id: 'c05c8d72d4a94627cf8cbbe7f8dae2a7') in 0.037809 seconds
  Import took 0.044855 seconds .

========================================================================
Received Import Request.
  Time since last request: 1.646217 seconds.
  path: Assets/Prefabs/letterD.prefab
  artifactKey: Guid(be85a24b18c04e14fa2573940443f3fa) Importer(815301076,1909f56bfc062723c751e8b465ee728b)
Start importing Assets/Prefabs/letterD.prefab using Guid(be85a24b18c04e14fa2573940443f3fa) Importer(815301076,1909f56bfc062723c751e8b465ee728b)  -> (artifact id: '5e363bf2339d9196202e53869d928141') in 0.034544 seconds
  Import took 0.041723 seconds .

========================================================================
Received Import Request.
  Time since last request: 485.478891 seconds.
  path: Assets/Script/GOD_item.cs
  artifactKey: Guid(62c7f527ecac255448d27dd271401943) Importer(815301076,1909f56bfc062723c751e8b465ee728b)
Start importing Assets/Script/GOD_item.cs using Guid(62c7f527ecac255448d27dd271401943) Importer(815301076,1909f56bfc062723c751e8b465ee728b)  -> (artifact id: 'dd040af0143ebae259ccb73be4acb88b') in 0.045037 seconds
  Import took 0.051506 seconds .

========================================================================
Received Prepare
Registering precompiled user dll's ...
Registered in 0.019335 seconds.
Begin MonoManager ReloadAssembly
Native extension for WindowsStandalone target not found
Refreshing native plugins compatible for Editor in 0.59 ms, found 3 plugins.
Preloading 0 native plugins for Editor in 0.00 ms.
Mono: successfully reloaded assembly
- Completed reload, in  1.587 seconds
Platform modules already initialized, skipping
Refreshing native plugins compatible for Editor in 0.58 ms, found 3 plugins.
Preloading 0 native plugins for Editor in 0.00 ms.
Unloading 2084 Unused Serialized files (Serialized files now loaded: 0)
System memory in use before: 98.7 MB.
System memory in use after: 98.7 MB.

Unloading 21 unused Assets to reduce memory usage. Loaded Objects now: 2540.
Total: 2.803000 ms (FindLiveObjects: 0.251000 ms CreateObjectMapping: 0.145600 ms MarkObjects: 2.263500 ms  DeleteObjects: 0.141300 ms)

========================================================================
Received Import Request.
  Time since last request: 83.117300 seconds.
  path: Assets/Prefabs/letterG.prefab
  artifactKey: Guid(7dcf39983ab487647b0d8968af7d20a4) Importer(815301076,1909f56bfc062723c751e8b465ee728b)
Start importing Assets/Prefabs/letterG.prefab using Guid(7dcf39983ab487647b0d8968af7d20a4) Importer(815301076,1909f56bfc062723c751e8b465ee728b)  -> (artifact id: 'e54e501ed27fe36a7194a7ac3d17c1f6') in 0.101574 seconds
  Import took 0.108627 seconds .

========================================================================
Received Import Request.
  Time since last request: 1.729491 seconds.
  path: Assets/Prefabs/letterG.prefab
  artifactKey: Guid(7dcf39983ab487647b0d8968af7d20a4) Importer(815301076,1909f56bfc062723c751e8b465ee728b)
Start importing Assets/Prefabs/letterG.prefab using Guid(7dcf39983ab487647b0d8968af7d20a4) Importer(815301076,1909f56bfc062723c751e8b465ee728b)  -> (artifact id: '19d8f8c9f042157934aa37f0ea81c4de') in 0.029118 seconds
  Import took 0.034325 seconds .

========================================================================
Received Import Request.
  Time since last request: 33.580608 seconds.
  path: Assets/Prefabs/letterD.prefab
  artifactKey: Guid(be85a24b18c04e14fa2573940443f3fa) Importer(815301076,1909f56bfc062723c751e8b465ee728b)
Start importing Assets/Prefabs/letterD.prefab using Guid(be85a24b18c04e14fa2573940443f3fa) Importer(815301076,1909f56bfc062723c751e8b465ee728b)  -> (artifact id: '770baabc32ce9bb7ae506069f5f41535') in 0.028506 seconds
  Import took 0.033208 seconds .

========================================================================
Received Import Request.
  Time since last request: 0.001896 seconds.
  path: Assets/Prefabs/letterD.prefab
  artifactKey: Guid(be85a24b18c04e14fa2573940443f3fa) Importer(815301076,1909f56bfc062723c751e8b465ee728b)
Start importing Assets/Prefabs/letterD.prefab using Guid(be85a24b18c04e14fa2573940443f3fa) Importer(815301076,1909f56bfc062723c751e8b465ee728b)  -> (artifact id: '770baabc32ce9bb7ae506069f5f41535') in 0.030303 seconds
  Import took 0.036692 seconds .

========================================================================
Received Import Request.
  Time since last request: 12.530450 seconds.
  path: Assets/Prefabs/letterG.prefab
  artifactKey: Guid(7dcf39983ab487647b0d8968af7d20a4) Importer(815301076,1909f56bfc062723c751e8b465ee728b)
Start importing Assets/Prefabs/letterG.prefab using Guid(7dcf39983ab487647b0d8968af7d20a4) Importer(815301076,1909f56bfc062723c751e8b465ee728b)  -> (artifact id: '8ca6b8dba87d6026399f753b53cf0996') in 0.025235 seconds
  Import took 0.030204 seconds .

========================================================================
Received Prepare
Registering precompiled user dll's ...
Registered in 0.019762 seconds.
Begin MonoManager ReloadAssembly
Native extension for WindowsStandalone target not found
Refreshing native plugins compatible for Editor in 0.60 ms, found 3 plugins.
Preloading 0 native plugins for Editor in 0.00 ms.
Mono: successfully reloaded assembly
- Completed reload, in  1.554 seconds
Platform modules already initialized, skipping
Refreshing native plugins compatible for Editor in 0.59 ms, found 3 plugins.
Preloading 0 native plugins for Editor in 0.00 ms.
Unloading 2084 Unused Serialized files (Serialized files now loaded: 0)
System memory in use before: 98.8 MB.
System memory in use after: 98.8 MB.

Unloading 21 unused Assets to reduce memory usage. Loaded Objects now: 2545.
Total: 3.494200 ms (FindLiveObjects: 0.211900 ms CreateObjectMapping: 0.093000 ms MarkObjects: 3.031700 ms  DeleteObjects: 0.155500 ms)

========================================================================
Received Prepare
Registering precompiled user dll's ...
Registered in 0.011307 seconds.
Begin MonoManager ReloadAssembly
Native extension for WindowsStandalone target not found
Refreshing native plugins compatible for Editor in 0.59 ms, found 3 plugins.
Preloading 0 native plugins for Editor in 0.00 ms.
Mono: successfully reloaded assembly
- Completed reload, in  1.921 seconds
Platform modules already initialized, skipping
Refreshing native plugins compatible for Editor in 0.61 ms, found 3 plugins.
Preloading 0 native plugins for Editor in 0.00 ms.
Unloading 2084 Unused Serialized files (Serialized files now loaded: 0)
System memory in use before: 98.8 MB.
System memory in use after: 98.8 MB.

Unloading 21 unused Assets to reduce memory usage. Loaded Objects now: 2549.
Total: 2.896900 ms (FindLiveObjects: 0.255700 ms CreateObjectMapping: 0.098100 ms MarkObjects: 2.379400 ms  DeleteObjects: 0.162100 ms)

========================================================================
Received Prepare
Registering precompiled user dll's ...
Registered in 0.027495 seconds.
Begin MonoManager ReloadAssembly
Native extension for WindowsStandalone target not found
Refreshing native plugins compatible for Editor in 0.59 ms, found 3 plugins.
Preloading 0 native plugins for Editor in 0.00 ms.
Mono: successfully reloaded assembly
- Completed reload, in  1.559 seconds
Platform modules already initialized, skipping
Refreshing native plugins compatible for Editor in 0.60 ms, found 3 plugins.
Preloading 0 native plugins for Editor in 0.00 ms.
Unloading 2084 Unused Serialized files (Serialized files now loaded: 0)
System memory in use before: 98.8 MB.
System memory in use after: 98.8 MB.

Unloading 21 unused Assets to reduce memory usage. Loaded Objects now: 2553.
Total: 3.094900 ms (FindLiveObjects: 0.236800 ms CreateObjectMapping: 0.095100 ms MarkObjects: 2.612500 ms  DeleteObjects: 0.149000 ms)

========================================================================
Received Prepare
Registering precompiled user dll's ...
Registered in 0.009313 seconds.
Begin MonoManager ReloadAssembly
Native extension for WindowsStandalone target not found
Refreshing native plugins compatible for Editor in 0.58 ms, found 3 plugins.
Preloading 0 native plugins for Editor in 0.00 ms.
Mono: successfully reloaded assembly
- Completed reload, in  1.974 seconds
Platform modules already initialized, skipping
Refreshing native plugins compatible for Editor in 0.85 ms, found 3 plugins.
Preloading 0 native plugins for Editor in 0.00 ms.
Unloading 2084 Unused Serialized files (Serialized files now loaded: 0)
System memory in use before: 98.8 MB.
System memory in use after: 98.8 MB.

Unloading 21 unused Assets to reduce memory usage. Loaded Objects now: 2557.
Total: 3.121700 ms (FindLiveObjects: 0.212000 ms CreateObjectMapping: 0.093300 ms MarkObjects: 2.667000 ms  DeleteObjects: 0.147400 ms)

========================================================================
Received Prepare
Registering precompiled user dll's ...
Registered in 0.018068 seconds.
Begin MonoManager ReloadAssembly
Native extension for WindowsStandalone target not found
Refreshing native plugins compatible for Editor in 0.59 ms, found 3 plugins.
Preloading 0 native plugins for Editor in 0.00 ms.
Mono: successfully reloaded assembly
- Completed reload, in  1.525 seconds
Platform modules already initialized, skipping
Refreshing native plugins compatible for Editor in 0.59 ms, found 3 plugins.
Preloading 0 native plugins for Editor in 0.00 ms.
Unloading 2084 Unused Serialized files (Serialized files now loaded: 0)
System memory in use before: 98.9 MB.
System memory in use after: 98.8 MB.

Unloading 21 unused Assets to reduce memory usage. Loaded Objects now: 2561.
Total: 2.660500 ms (FindLiveObjects: 0.217900 ms CreateObjectMapping: 0.092800 ms MarkObjects: 2.193000 ms  DeleteObjects: 0.155400 ms)

========================================================================
Received Prepare
Registering precompiled user dll's ...
Registered in 0.010587 seconds.
Begin MonoManager ReloadAssembly
Native extension for WindowsStandalone target not found
Refreshing native plugins compatible for Editor in 0.69 ms, found 3 plugins.
Preloading 0 native plugins for Editor in 0.00 ms.
Mono: successfully reloaded assembly
- Completed reload, in  1.916 seconds
Platform modules already initialized, skipping
Refreshing native plugins compatible for Editor in 0.61 ms, found 3 plugins.
Preloading 0 native plugins for Editor in 0.00 ms.
Unloading 2084 Unused Serialized files (Serialized files now loaded: 0)
System memory in use before: 98.9 MB.
System memory in use after: 98.8 MB.

Unloading 21 unused Assets to reduce memory usage. Loaded Objects now: 2565.
Total: 2.715500 ms (FindLiveObjects: 0.212800 ms CreateObjectMapping: 0.090700 ms MarkObjects: 2.246700 ms  DeleteObjects: 0.163800 ms)

========================================================================
Received Prepare
Registering precompiled user dll's ...
Registered in 0.012546 seconds.
Begin MonoManager ReloadAssembly
Native extension for WindowsStandalone target not found
Refreshing native plugins compatible for Editor in 0.59 ms, found 3 plugins.
Preloading 0 native plugins for Editor in 0.00 ms.
Mono: successfully reloaded assembly
- Completed reload, in  1.578 seconds
Platform modules already initialized, skipping
Refreshing native plugins compatible for Editor in 0.59 ms, found 3 plugins.
Preloading 0 native plugins for Editor in 0.00 ms.
Unloading 2084 Unused Serialized files (Serialized files now loaded: 0)
System memory in use before: 98.9 MB.
System memory in use after: 98.9 MB.

Unloading 21 unused Assets to reduce memory usage. Loaded Objects now: 2569.
Total: 2.728500 ms (FindLiveObjects: 0.210400 ms CreateObjectMapping: 0.090700 ms MarkObjects: 2.271000 ms  DeleteObjects: 0.154800 ms)

========================================================================
Received Prepare
Registering precompiled user dll's ...
Registered in 0.009068 seconds.
Begin MonoManager ReloadAssembly
Native extension for WindowsStandalone target not found
Refreshing native plugins compatible for Editor in 0.59 ms, found 3 plugins.
Preloading 0 native plugins for Editor in 0.00 ms.
Mono: successfully reloaded assembly
- Completed reload, in  1.770 seconds
Platform modules already initialized, skipping
Refreshing native plugins compatible for Editor in 0.59 ms, found 3 plugins.
Preloading 0 native plugins for Editor in 0.00 ms.
Unloading 2084 Unused Serialized files (Serialized files now loaded: 0)
System memory in use before: 98.9 MB.
System memory in use after: 98.9 MB.

Unloading 21 unused Assets to reduce memory usage. Loaded Objects now: 2573.
Total: 2.779700 ms (FindLiveObjects: 0.224700 ms CreateObjectMapping: 0.094000 ms MarkObjects: 2.298000 ms  DeleteObjects: 0.161400 ms)

========================================================================
Received Prepare
Registering precompiled user dll's ...
Registered in 0.014828 seconds.
Begin MonoManager ReloadAssembly
Native extension for WindowsStandalone target not found
Refreshing native plugins compatible for Editor in 0.59 ms, found 3 plugins.
Preloading 0 native plugins for Editor in 0.00 ms.
Mono: successfully reloaded assembly
- Completed reload, in  1.536 seconds
Platform modules already initialized, skipping
Refreshing native plugins compatible for Editor in 0.59 ms, found 3 plugins.
Preloading 0 native plugins for Editor in 0.00 ms.
Unloading 2084 Unused Serialized files (Serialized files now loaded: 0)
System memory in use before: 98.9 MB.
System memory in use after: 98.9 MB.

Unloading 21 unused Assets to reduce memory usage. Loaded Objects now: 2577.
Total: 2.645800 ms (FindLiveObjects: 0.209100 ms CreateObjectMapping: 0.091100 ms MarkObjects: 2.187200 ms  DeleteObjects: 0.156800 ms)

========================================================================
Received Prepare
Registering precompiled user dll's ...
Registered in 0.019731 seconds.
Begin MonoManager ReloadAssembly
Native extension for WindowsStandalone target not found
Refreshing native plugins compatible for Editor in 0.59 ms, found 3 plugins.
Preloading 0 native plugins for Editor in 0.00 ms.
Mono: successfully reloaded assembly
- Completed reload, in  1.864 seconds
Platform modules already initialized, skipping
Refreshing native plugins compatible for Editor in 0.64 ms, found 3 plugins.
Preloading 0 native plugins for Editor in 0.00 ms.
Unloading 2084 Unused Serialized files (Serialized files now loaded: 0)
System memory in use before: 98.9 MB.
System memory in use after: 98.9 MB.

Unloading 21 unused Assets to reduce memory usage. Loaded Objects now: 2581.
Total: 3.044400 ms (FindLiveObjects: 0.227100 ms CreateObjectMapping: 0.090700 ms MarkObjects: 2.570300 ms  DeleteObjects: 0.154300 ms)

========================================================================
Received Import Request.
  Time since last request: 3672.245554 seconds.
  path: Assets/Prefabs/letterD.prefab
  artifactKey: Guid(be85a24b18c04e14fa2573940443f3fa) Importer(815301076,1909f56bfc062723c751e8b465ee728b)
Start importing Assets/Prefabs/letterD.prefab using Guid(be85a24b18c04e14fa2573940443f3fa) Importer(815301076,1909f56bfc062723c751e8b465ee728b)  -> (artifact id: '40436607bb7ae42d7b0a54550a073725') in 0.112320 seconds
  Import took 0.118308 seconds .

========================================================================
Received Import Request.
  Time since last request: 10.388245 seconds.
  path: ProjectSettings/TagManager.asset
  artifactKey: Guid(00000000000000003000000000000000) Importer(815301076,1909f56bfc062723c751e8b465ee728b)
Start importing ProjectSettings/TagManager.asset using Guid(00000000000000003000000000000000) Importer(815301076,1909f56bfc062723c751e8b465ee728b)  -> (artifact id: '95df672b4aaba54310d34c83eef51bb8') in 0.027080 seconds
  Import took 0.031912 seconds .

========================================================================
Received Import Request.
  Time since last request: 9.424893 seconds.
  path: Assets/Prefabs/letterG.prefab
  artifactKey: Guid(7dcf39983ab487647b0d8968af7d20a4) Importer(815301076,1909f56bfc062723c751e8b465ee728b)
Start importing Assets/Prefabs/letterG.prefab using Guid(7dcf39983ab487647b0d8968af7d20a4) Importer(815301076,1909f56bfc062723c751e8b465ee728b)  -> (artifact id: '8d16274572a16ff5d761f16f4eb2b3f3') in 0.027114 seconds
  Import took 0.032646 seconds .

========================================================================
Received Import Request.
  Time since last request: 1.498227 seconds.
  path: Assets/Prefabs/letterO.prefab
  artifactKey: Guid(d4f955b88a315c84d867cda6ddfc36ee) Importer(815301076,1909f56bfc062723c751e8b465ee728b)
Start importing Assets/Prefabs/letterO.prefab using Guid(d4f955b88a315c84d867cda6ddfc36ee) Importer(815301076,1909f56bfc062723c751e8b465ee728b)  -> (artifact id: '699b2d23e708d43638d672af3cb69ae1') in 0.057622 seconds
  Import took 0.062518 seconds .

========================================================================
Received Import Request.
  Time since last request: 20.807618 seconds.
  path: Assets/Prefabs/letterO.prefab
  artifactKey: Guid(d4f955b88a315c84d867cda6ddfc36ee) Importer(815301076,1909f56bfc062723c751e8b465ee728b)
Start importing Assets/Prefabs/letterO.prefab using Guid(d4f955b88a315c84d867cda6ddfc36ee) Importer(815301076,1909f56bfc062723c751e8b465ee728b)  -> (artifact id: '3e0ee6445449ee74f1d0719c22bd0536') in 0.026868 seconds
  Import took 0.033209 seconds .

========================================================================
Received Import Request.
  Time since last request: 2.820886 seconds.
  path: Assets/Prefabs/letterD.prefab
  artifactKey: Guid(be85a24b18c04e14fa2573940443f3fa) Importer(815301076,1909f56bfc062723c751e8b465ee728b)
Start importing Assets/Prefabs/letterD.prefab using Guid(be85a24b18c04e14fa2573940443f3fa) Importer(815301076,1909f56bfc062723c751e8b465ee728b)  -> (artifact id: '3203e26666d47a8fc997eea357b70a1a') in 0.023973 seconds
  Import took 0.029569 seconds .

========================================================================
Received Prepare
Registering precompiled user dll's ...
Registered in 0.010154 seconds.
Begin MonoManager ReloadAssembly
Native extension for WindowsStandalone target not found
Refreshing native plugins compatible for Editor in 0.59 ms, found 3 plugins.
Preloading 0 native plugins for Editor in 0.00 ms.
Mono: successfully reloaded assembly
- Completed reload, in  1.544 seconds
Platform modules already initialized, skipping
Refreshing native plugins compatible for Editor in 0.62 ms, found 3 plugins.
Preloading 0 native plugins for Editor in 0.00 ms.
Unloading 2084 Unused Serialized files (Serialized files now loaded: 0)
System memory in use before: 98.9 MB.
System memory in use after: 98.9 MB.

Unloading 22 unused Assets to reduce memory usage. Loaded Objects now: 2586.
Total: 3.487300 ms (FindLiveObjects: 0.290000 ms CreateObjectMapping: 0.094400 ms MarkObjects: 2.951300 ms  DeleteObjects: 0.149900 ms)

========================================================================
Received Prepare
Registering precompiled user dll's ...
Registered in 0.009081 seconds.
Begin MonoManager ReloadAssembly
Native extension for WindowsStandalone target not found
Refreshing native plugins compatible for Editor in 0.58 ms, found 3 plugins.
Preloading 0 native plugins for Editor in 0.00 ms.
Mono: successfully reloaded assembly
- Completed reload, in  1.743 seconds
Platform modules already initialized, skipping
Refreshing native plugins compatible for Editor in 0.62 ms, found 3 plugins.
Preloading 0 native plugins for Editor in 0.00 ms.
Unloading 2084 Unused Serialized files (Serialized files now loaded: 0)
System memory in use before: 98.9 MB.
System memory in use after: 98.9 MB.

Unloading 21 unused Assets to reduce memory usage. Loaded Objects now: 2590.
Total: 2.714000 ms (FindLiveObjects: 0.221000 ms CreateObjectMapping: 0.091800 ms MarkObjects: 2.243700 ms  DeleteObjects: 0.155800 ms)

========================================================================
Received Prepare
Registering precompiled user dll's ...
Registered in 0.009108 seconds.
Begin MonoManager ReloadAssembly
Native extension for WindowsStandalone target not found
Refreshing native plugins compatible for Editor in 0.71 ms, found 3 plugins.
Preloading 0 native plugins for Editor in 0.00 ms.
Mono: successfully reloaded assembly
- Completed reload, in  1.551 seconds
Platform modules already initialized, skipping
Refreshing native plugins compatible for Editor in 0.81 ms, found 3 plugins.
Preloading 0 native plugins for Editor in 0.00 ms.
Unloading 2084 Unused Serialized files (Serialized files now loaded: 0)
System memory in use before: 98.9 MB.
System memory in use after: 98.9 MB.

Unloading 21 unused Assets to reduce memory usage. Loaded Objects now: 2594.
Total: 3.012900 ms (FindLiveObjects: 0.392200 ms CreateObjectMapping: 0.102700 ms MarkObjects: 2.371000 ms  DeleteObjects: 0.145500 ms)

========================================================================
Received Prepare
Registering precompiled user dll's ...
Registered in 0.009777 seconds.
Begin MonoManager ReloadAssembly
Native extension for WindowsStandalone target not found
Refreshing native plugins compatible for Editor in 0.60 ms, found 3 plugins.
Preloading 0 native plugins for Editor in 0.00 ms.
Mono: successfully reloaded assembly
- Completed reload, in  1.626 seconds
Platform modules already initialized, skipping
Refreshing native plugins compatible for Editor in 0.60 ms, found 3 plugins.
Preloading 0 native plugins for Editor in 0.00 ms.
Unloading 2084 Unused Serialized files (Serialized files now loaded: 0)
System memory in use before: 99.0 MB.
System memory in use after: 98.9 MB.

Unloading 21 unused Assets to reduce memory usage. Loaded Objects now: 2598.
Total: 3.473200 ms (FindLiveObjects: 0.206200 ms CreateObjectMapping: 0.090400 ms MarkObjects: 2.370900 ms  DeleteObjects: 0.804200 ms)

========================================================================
Received Prepare
Registering precompiled user dll's ...
Registered in 0.009047 seconds.
Begin MonoManager ReloadAssembly
Native extension for WindowsStandalone target not found
Refreshing native plugins compatible for Editor in 0.61 ms, found 3 plugins.
Preloading 0 native plugins for Editor in 0.00 ms.
Mono: successfully reloaded assembly
- Completed reload, in  1.643 seconds
Platform modules already initialized, skipping
Refreshing native plugins compatible for Editor in 0.61 ms, found 3 plugins.
Preloading 0 native plugins for Editor in 0.00 ms.
Unloading 2084 Unused Serialized files (Serialized files now loaded: 0)
System memory in use before: 99.0 MB.
System memory in use after: 98.9 MB.

Unloading 21 unused Assets to reduce memory usage. Loaded Objects now: 2602.
Total: 2.962300 ms (FindLiveObjects: 0.237800 ms CreateObjectMapping: 0.092400 ms MarkObjects: 2.472300 ms  DeleteObjects: 0.158200 ms)

========================================================================
Received Prepare
Registering precompiled user dll's ...
Registered in 0.011576 seconds.
Begin MonoManager ReloadAssembly
Native extension for WindowsStandalone target not found
Refreshing native plugins compatible for Editor in 0.59 ms, found 3 plugins.
Preloading 0 native plugins for Editor in 0.00 ms.
Mono: successfully reloaded assembly
- Completed reload, in  1.558 seconds
Platform modules already initialized, skipping
Refreshing native plugins compatible for Editor in 0.61 ms, found 3 plugins.
Preloading 0 native plugins for Editor in 0.00 ms.
Unloading 2084 Unused Serialized files (Serialized files now loaded: 0)
System memory in use before: 99.0 MB.
System memory in use after: 99.0 MB.

Unloading 21 unused Assets to reduce memory usage. Loaded Objects now: 2606.
Total: 2.795900 ms (FindLiveObjects: 0.209700 ms CreateObjectMapping: 0.091000 ms MarkObjects: 2.337800 ms  DeleteObjects: 0.155800 ms)

========================================================================
Received Prepare
Registering precompiled user dll's ...
Registered in 0.011411 seconds.
Begin MonoManager ReloadAssembly
Native extension for WindowsStandalone target not found
Refreshing native plugins compatible for Editor in 0.71 ms, found 3 plugins.
Preloading 0 native plugins for Editor in 0.00 ms.
Mono: successfully reloaded assembly
- Completed reload, in  1.562 seconds
Platform modules already initialized, skipping
Refreshing native plugins compatible for Editor in 0.64 ms, found 3 plugins.
Preloading 0 native plugins for Editor in 0.00 ms.
Unloading 2084 Unused Serialized files (Serialized files now loaded: 0)
System memory in use before: 99.0 MB.
System memory in use after: 99.0 MB.

Unloading 21 unused Assets to reduce memory usage. Loaded Objects now: 2610.
Total: 11.837900 ms (FindLiveObjects: 1.317900 ms CreateObjectMapping: 0.423900 ms MarkObjects: 9.836000 ms  DeleteObjects: 0.254700 ms)

========================================================================
Received Prepare
Registering precompiled user dll's ...
Registered in 0.009539 seconds.
Begin MonoManager ReloadAssembly
Native extension for WindowsStandalone target not found
Refreshing native plugins compatible for Editor in 0.63 ms, found 3 plugins.
Preloading 0 native plugins for Editor in 0.00 ms.
Mono: successfully reloaded assembly
- Completed reload, in  1.590 seconds
Platform modules already initialized, skipping
Refreshing native plugins compatible for Editor in 0.63 ms, found 3 plugins.
Preloading 0 native plugins for Editor in 0.00 ms.
Unloading 2084 Unused Serialized files (Serialized files now loaded: 0)
System memory in use before: 99.0 MB.
System memory in use after: 99.0 MB.

Unloading 21 unused Assets to reduce memory usage. Loaded Objects now: 2614.
Total: 3.141900 ms (FindLiveObjects: 0.212400 ms CreateObjectMapping: 0.093600 ms MarkObjects: 2.675500 ms  DeleteObjects: 0.158600 ms)

========================================================================
Received Prepare
Registering precompiled user dll's ...
Registered in 0.009374 seconds.
Begin MonoManager ReloadAssembly
Native extension for WindowsStandalone target not found
Refreshing native plugins compatible for Editor in 0.59 ms, found 3 plugins.
Preloading 0 native plugins for Editor in 0.00 ms.
Mono: successfully reloaded assembly
- Completed reload, in  1.582 seconds
Platform modules already initialized, skipping
Refreshing native plugins compatible for Editor in 0.60 ms, found 3 plugins.
Preloading 0 native plugins for Editor in 0.00 ms.
Unloading 2084 Unused Serialized files (Serialized files now loaded: 0)
System memory in use before: 99.0 MB.
System memory in use after: 99.0 MB.

Unloading 21 unused Assets to reduce memory usage. Loaded Objects now: 2618.
Total: 2.848800 ms (FindLiveObjects: 0.230700 ms CreateObjectMapping: 0.094400 ms MarkObjects: 2.369200 ms  DeleteObjects: 0.152700 ms)

========================================================================
Received Prepare
Registering precompiled user dll's ...
Registered in 0.009297 seconds.
Begin MonoManager ReloadAssembly
Native extension for WindowsStandalone target not found
Refreshing native plugins compatible for Editor in 0.58 ms, found 3 plugins.
Preloading 0 native plugins for Editor in 0.00 ms.
Mono: successfully reloaded assembly
- Completed reload, in  1.545 seconds
Platform modules already initialized, skipping
Refreshing native plugins compatible for Editor in 0.63 ms, found 3 plugins.
Preloading 0 native plugins for Editor in 0.00 ms.
Unloading 2084 Unused Serialized files (Serialized files now loaded: 0)
System memory in use before: 99.0 MB.
System memory in use after: 99.0 MB.

Unloading 21 unused Assets to reduce memory usage. Loaded Objects now: 2622.
Total: 2.981400 ms (FindLiveObjects: 0.277500 ms CreateObjectMapping: 0.096200 ms MarkObjects: 2.446600 ms  DeleteObjects: 0.159000 ms)

========================================================================
Received Prepare
Registering precompiled user dll's ...
Registered in 0.009356 seconds.
Begin MonoManager ReloadAssembly
Native extension for WindowsStandalone target not found
Refreshing native plugins compatible for Editor in 0.76 ms, found 3 plugins.
Preloading 0 native plugins for Editor in 0.00 ms.
Mono: successfully reloaded assembly
- Completed reload, in  1.808 seconds
Platform modules already initialized, skipping
Refreshing native plugins compatible for Editor in 0.58 ms, found 3 plugins.
Preloading 0 native plugins for Editor in 0.00 ms.
Unloading 2084 Unused Serialized files (Serialized files now loaded: 0)
System memory in use before: 99.0 MB.
System memory in use after: 99.0 MB.

Unloading 21 unused Assets to reduce memory usage. Loaded Objects now: 2626.
Total: 2.782300 ms (FindLiveObjects: 0.244300 ms CreateObjectMapping: 0.096600 ms MarkObjects: 2.281900 ms  DeleteObjects: 0.157800 ms)

AssetImportWorkerClient::OnTransportError - code=2 error=End of file
