Using pre-set license
Built from '2020.3/staging' branch; Version is '2020.3.10f1 (297d780c91bc) revision 2719096'; Using compiler version '192528614'; Build Type 'Release'
OS: 'Windows 10 Pro; OS build 19042.1052; Version 2009; 64bit' Language: 'ko' Physical Memory: 4076 MB
BatchMode: 1, IsHumanControllingUs: 0, StartBugReporterOnCrash: 0, Is64bit: 1, IsPro: 0

 COMMAND LINE ARGUMENTS:
C:\Program Files\Unity\Hub\Editor\2020.3.10f1\Editor\Unity.exe
-adb2
-batchMode
-noUpm
-name
AssetImportWorker0
-projectPath
C:/Users/admin/Desktop/민진우unity수업/jinwoo_main_21.06.09
-logFile
Logs/AssetImportWorker0.log
-srvPort
64313
Successfully changed project path to: C:/Users/admin/Desktop/민진우unity수업/jinwoo_main_21.06.09
C:/Users/admin/Desktop/민진우unity수업/jinwoo_main_21.06.09
Using Asset Import Pipeline V2.
Refreshing native plugins compatible for Editor in 59.90 ms, found 2 plugins.
Preloading 0 native plugins for Editor in 0.00 ms.
Initialize engine version: 2020.3.10f1 (297d780c91bc)
[Subsystems] Discovering subsystems at path C:/Program Files/Unity/Hub/Editor/2020.3.10f1/Editor/Data/Resources/UnitySubsystems
[Subsystems] Discovering subsystems at path C:/Users/admin/Desktop/민진우unity수업/jinwoo_main_21.06.09/Assets
GfxDevice: creating device client; threaded=0
Direct3D:
    Version:  Direct3D 11.0 [level 11.0]
    Renderer: NVIDIA GeForce GTS 450 (ID=0x1245)
    Vendor:   
    VRAM:     979 MB
    Driver:   23.21.13.8813
Initialize mono
Mono path[0] = 'C:/Program Files/Unity/Hub/Editor/2020.3.10f1/Editor/Data/Managed'
Mono path[1] = 'C:/Program Files/Unity/Hub/Editor/2020.3.10f1/Editor/Data/MonoBleedingEdge/lib/mono/unityjit'
Mono config path = 'C:/Program Files/Unity/Hub/Editor/2020.3.10f1/Editor/Data/MonoBleedingEdge/etc'
Using monoOptions --debugger-agent=transport=dt_socket,embedding=1,server=y,suspend=n,address=127.0.0.1:56260
Begin MonoManager ReloadAssembly
Registering precompiled unity dll's ...
Register platform support module: C:/Program Files/Unity/Hub/Editor/2020.3.10f1/Editor/Data/PlaybackEngines/WindowsStandaloneSupport/UnityEditor.WindowsStandalone.Extensions.dll
Registered in 0.004572 seconds.
Native extension for WindowsStandalone target not found
Refreshing native plugins compatible for Editor in 49.98 ms, found 2 plugins.
Preloading 0 native plugins for Editor in 0.00 ms.
Mono: successfully reloaded assembly
- Completed reload, in  8.824 seconds
Platform modules already initialized, skipping
Registering precompiled user dll's ...
Registered in 0.148758 seconds.
Begin MonoManager ReloadAssembly
Native extension for WindowsStandalone target not found
Refreshing native plugins compatible for Editor in 0.48 ms, found 2 plugins.
Preloading 0 native plugins for Editor in 0.00 ms.
Mono: successfully reloaded assembly
- Completed reload, in  2.061 seconds
Platform modules already initialized, skipping
========================================================================
Worker process is ready to serve import requests
Launched and connected shader compiler UnityShaderCompiler.exe after 0.13 seconds
Refreshing native plugins compatible for Editor in 0.48 ms, found 2 plugins.
Preloading 0 native plugins for Editor in 0.00 ms.
Unloading 1530 Unused Serialized files (Serialized files now loaded: 0)
System memory in use before: 80.7 MB.
System memory in use after: 80.7 MB.

Unloading 20 unused Assets to reduce memory usage. Loaded Objects now: 1975.
Total: 2.408300 ms (FindLiveObjects: 0.176300 ms CreateObjectMapping: 0.069900 ms MarkObjects: 2.036400 ms  DeleteObjects: 0.123900 ms)

========================================================================
Received Import Request.
  path: Assets/02.Scripts/MoveAgent.cs
  artifactKey: Guid(58aad5320616e9347a85e9f68bdd233d) Importer(815301076,1909f56bfc062723c751e8b465ee728b)
Start importing Assets/02.Scripts/MoveAgent.cs using Guid(58aad5320616e9347a85e9f68bdd233d) Importer(815301076,1909f56bfc062723c751e8b465ee728b)  -> (artifact id: '4e6110fa8a9f63e1775e5ff31c51ecc6') in 0.080727 seconds
  Import took 0.088492 seconds .

========================================================================
Received Prepare
Registering precompiled user dll's ...
Registered in 0.018529 seconds.
Begin MonoManager ReloadAssembly
Native extension for WindowsStandalone target not found
Refreshing native plugins compatible for Editor in 0.49 ms, found 2 plugins.
Preloading 0 native plugins for Editor in 0.00 ms.
Mono: successfully reloaded assembly
- Completed reload, in  1.779 seconds
Platform modules already initialized, skipping
Refreshing native plugins compatible for Editor in 0.51 ms, found 2 plugins.
Preloading 0 native plugins for Editor in 0.00 ms.
Unloading 1497 Unused Serialized files (Serialized files now loaded: 0)
System memory in use before: 77.9 MB.
System memory in use after: 77.9 MB.

Unloading 15 unused Assets to reduce memory usage. Loaded Objects now: 1978.
Total: 3.611700 ms (FindLiveObjects: 0.188900 ms CreateObjectMapping: 0.069700 ms MarkObjects: 3.245900 ms  DeleteObjects: 0.105700 ms)

========================================================================
Received Import Request.
  Time since last request: 3399.420402 seconds.
  path: Assets/02.Scripts/MoveAgent.cs
  artifactKey: Guid(58aad5320616e9347a85e9f68bdd233d) Importer(815301076,1909f56bfc062723c751e8b465ee728b)
Start importing Assets/02.Scripts/MoveAgent.cs using Guid(58aad5320616e9347a85e9f68bdd233d) Importer(815301076,1909f56bfc062723c751e8b465ee728b)  -> (artifact id: 'b1fa5b7cd32c8fb44c7cedb4a90ece09') in 0.012402 seconds
  Import took 0.020425 seconds .

========================================================================
Received Prepare
Registering precompiled user dll's ...
Registered in 0.010071 seconds.
Begin MonoManager ReloadAssembly
Native extension for WindowsStandalone target not found
Refreshing native plugins compatible for Editor in 0.87 ms, found 2 plugins.
Preloading 0 native plugins for Editor in 0.00 ms.
Mono: successfully reloaded assembly
- Completed reload, in  1.685 seconds
Platform modules already initialized, skipping
Refreshing native plugins compatible for Editor in 0.51 ms, found 2 plugins.
Preloading 0 native plugins for Editor in 0.00 ms.
Unloading 1497 Unused Serialized files (Serialized files now loaded: 0)
System memory in use before: 77.9 MB.
System memory in use after: 78.0 MB.

Unloading 15 unused Assets to reduce memory usage. Loaded Objects now: 1981.
Total: 2.667200 ms (FindLiveObjects: 0.191100 ms CreateObjectMapping: 0.074500 ms MarkObjects: 2.311900 ms  DeleteObjects: 0.087600 ms)

========================================================================
Received Prepare
Registering precompiled user dll's ...
Registered in 0.010073 seconds.
Begin MonoManager ReloadAssembly
Native extension for WindowsStandalone target not found
Refreshing native plugins compatible for Editor in 1.47 ms, found 2 plugins.
Preloading 0 native plugins for Editor in 0.00 ms.
Mono: successfully reloaded assembly
- Completed reload, in  1.512 seconds
Platform modules already initialized, skipping
Refreshing native plugins compatible for Editor in 0.56 ms, found 2 plugins.
Preloading 0 native plugins for Editor in 0.00 ms.
Unloading 1497 Unused Serialized files (Serialized files now loaded: 0)
System memory in use before: 77.9 MB.
System memory in use after: 78.0 MB.

Unloading 15 unused Assets to reduce memory usage. Loaded Objects now: 1984.
Total: 2.448100 ms (FindLiveObjects: 0.155600 ms CreateObjectMapping: 0.065900 ms MarkObjects: 2.142100 ms  DeleteObjects: 0.082800 ms)

========================================================================
Received Prepare
Registering precompiled user dll's ...
Registered in 0.011196 seconds.
Begin MonoManager ReloadAssembly
Native extension for WindowsStandalone target not found
Refreshing native plugins compatible for Editor in 0.51 ms, found 2 plugins.
Preloading 0 native plugins for Editor in 0.00 ms.
Mono: successfully reloaded assembly
- Completed reload, in  1.616 seconds
Platform modules already initialized, skipping
Refreshing native plugins compatible for Editor in 0.51 ms, found 2 plugins.
Preloading 0 native plugins for Editor in 0.00 ms.
Unloading 1497 Unused Serialized files (Serialized files now loaded: 0)
System memory in use before: 77.9 MB.
System memory in use after: 78.0 MB.

Unloading 15 unused Assets to reduce memory usage. Loaded Objects now: 1987.
Total: 2.545000 ms (FindLiveObjects: 0.339700 ms CreateObjectMapping: 0.074200 ms MarkObjects: 2.047900 ms  DeleteObjects: 0.081100 ms)

========================================================================
Received Prepare
Registering precompiled user dll's ...
Registered in 0.010828 seconds.
Begin MonoManager ReloadAssembly
Native extension for WindowsStandalone target not found
Refreshing native plugins compatible for Editor in 0.65 ms, found 2 plugins.
Preloading 0 native plugins for Editor in 0.00 ms.
Mono: successfully reloaded assembly
- Completed reload, in  1.615 seconds
Platform modules already initialized, skipping
Refreshing native plugins compatible for Editor in 0.50 ms, found 2 plugins.
Preloading 0 native plugins for Editor in 0.00 ms.
Unloading 1497 Unused Serialized files (Serialized files now loaded: 0)
System memory in use before: 77.9 MB.
System memory in use after: 78.0 MB.

Unloading 15 unused Assets to reduce memory usage. Loaded Objects now: 1990.
Total: 2.628700 ms (FindLiveObjects: 0.163900 ms CreateObjectMapping: 0.067100 ms MarkObjects: 2.308000 ms  DeleteObjects: 0.087700 ms)

========================================================================
Received Prepare
Registering precompiled user dll's ...
Registered in 0.016533 seconds.
Begin MonoManager ReloadAssembly
Native extension for WindowsStandalone target not found
Refreshing native plugins compatible for Editor in 0.49 ms, found 2 plugins.
Preloading 0 native plugins for Editor in 0.00 ms.
Mono: successfully reloaded assembly
- Completed reload, in  1.474 seconds
Platform modules already initialized, skipping
Refreshing native plugins compatible for Editor in 0.49 ms, found 2 plugins.
Preloading 0 native plugins for Editor in 0.00 ms.
Unloading 1497 Unused Serialized files (Serialized files now loaded: 0)
System memory in use before: 77.9 MB.
System memory in use after: 78.0 MB.

Unloading 15 unused Assets to reduce memory usage. Loaded Objects now: 1993.
Total: 3.201000 ms (FindLiveObjects: 0.176200 ms CreateObjectMapping: 0.067500 ms MarkObjects: 2.054400 ms  DeleteObjects: 0.901200 ms)

========================================================================
Received Prepare
Registering precompiled user dll's ...
Registered in 0.009957 seconds.
Begin MonoManager ReloadAssembly
Native extension for WindowsStandalone target not found
Refreshing native plugins compatible for Editor in 0.49 ms, found 2 plugins.
Preloading 0 native plugins for Editor in 0.00 ms.
Mono: successfully reloaded assembly
- Completed reload, in  1.466 seconds
Platform modules already initialized, skipping
Refreshing native plugins compatible for Editor in 0.56 ms, found 2 plugins.
Preloading 0 native plugins for Editor in 0.00 ms.
Unloading 1497 Unused Serialized files (Serialized files now loaded: 0)
System memory in use before: 78.0 MB.
System memory in use after: 78.0 MB.

Unloading 15 unused Assets to reduce memory usage. Loaded Objects now: 1996.
Total: 3.494800 ms (FindLiveObjects: 0.212400 ms CreateObjectMapping: 0.068300 ms MarkObjects: 3.096500 ms  DeleteObjects: 0.115700 ms)

========================================================================
Received Import Request.
  Time since last request: 3429.500311 seconds.
  path: Assets/07.Animations/Player Animation Clip/WalkL.anim
  artifactKey: Guid(e011f1bb45ed34db296d1bd5e3d7e2ce) Importer(815301076,1909f56bfc062723c751e8b465ee728b)
Start importing Assets/07.Animations/Player Animation Clip/WalkL.anim using Guid(e011f1bb45ed34db296d1bd5e3d7e2ce) Importer(815301076,1909f56bfc062723c751e8b465ee728b)  -> (artifact id: '1f293b04e215ff3077b1a92b1da407c7') in 0.648590 seconds
  Import took 0.654615 seconds .

========================================================================
Received Import Request.
  Time since last request: 0.000311 seconds.
  path: Assets/07.Animations/Player Animation Clip/WalkF.anim
  artifactKey: Guid(73098e15972fa4a23b0562e6f1262161) Importer(815301076,1909f56bfc062723c751e8b465ee728b)
Start importing Assets/07.Animations/Player Animation Clip/WalkF.anim using Guid(73098e15972fa4a23b0562e6f1262161) Importer(815301076,1909f56bfc062723c751e8b465ee728b)  -> (artifact id: 'ce606e50beedb653f2161f322c2d9d26') in 0.028188 seconds
  Import took 0.034261 seconds .

========================================================================
Received Import Request.
  Time since last request: 5.986627 seconds.
  path: Assets/07.Animations/Player Animation Clip/RunF.anim
  artifactKey: Guid(185c4b4f1e1c1441d920959e7dee49a5) Importer(815301076,1909f56bfc062723c751e8b465ee728b)
Start importing Assets/07.Animations/Player Animation Clip/RunF.anim using Guid(185c4b4f1e1c1441d920959e7dee49a5) Importer(815301076,1909f56bfc062723c751e8b465ee728b)  -> (artifact id: 'e59ad2a3735c0eea5c4d9f851b66ba0f') in 0.034604 seconds
  Import took 0.040143 seconds .

========================================================================
Received Prepare
Registering precompiled user dll's ...
Registered in 0.011715 seconds.
Begin MonoManager ReloadAssembly
Native extension for WindowsStandalone target not found
Refreshing native plugins compatible for Editor in 0.49 ms, found 2 plugins.
Preloading 0 native plugins for Editor in 0.00 ms.
Mono: successfully reloaded assembly
- Completed reload, in  1.479 seconds
Platform modules already initialized, skipping
Refreshing native plugins compatible for Editor in 0.49 ms, found 2 plugins.
Preloading 0 native plugins for Editor in 0.00 ms.
Unloading 1497 Unused Serialized files (Serialized files now loaded: 0)
System memory in use before: 78.0 MB.
System memory in use after: 78.0 MB.

Unloading 15 unused Assets to reduce memory usage. Loaded Objects now: 1999.
Total: 2.508200 ms (FindLiveObjects: 0.160200 ms CreateObjectMapping: 0.068000 ms MarkObjects: 2.121500 ms  DeleteObjects: 0.156600 ms)

========================================================================
Received Import Request.
  Time since last request: 130.651924 seconds.
  path: Assets/07.Animations/Enemy Animation Clip/enemy_loop_animation.fbx
  artifactKey: Guid(143945b5bc8a54c74879dc7fe11bb2a7) Importer(815301076,1909f56bfc062723c751e8b465ee728b)
Start importing Assets/07.Animations/Enemy Animation Clip/enemy_loop_animation.fbx using Guid(143945b5bc8a54c74879dc7fe11bb2a7) Importer(815301076,1909f56bfc062723c751e8b465ee728b)  -> (artifact id: '765399fb5bd935fd12dff46b76b38a2a') in 0.193345 seconds
  Import took 0.199088 seconds .

========================================================================
Received Prepare
Registering precompiled user dll's ...
Registered in 0.009566 seconds.
Begin MonoManager ReloadAssembly
Native extension for WindowsStandalone target not found
Refreshing native plugins compatible for Editor in 0.49 ms, found 2 plugins.
Preloading 0 native plugins for Editor in 0.00 ms.
Mono: successfully reloaded assembly
- Completed reload, in  1.467 seconds
Platform modules already initialized, skipping
Refreshing native plugins compatible for Editor in 0.52 ms, found 2 plugins.
Preloading 0 native plugins for Editor in 0.00 ms.
Unloading 1497 Unused Serialized files (Serialized files now loaded: 0)
System memory in use before: 78.0 MB.
System memory in use after: 78.1 MB.

Unloading 15 unused Assets to reduce memory usage. Loaded Objects now: 2002.
Total: 2.499700 ms (FindLiveObjects: 0.198000 ms CreateObjectMapping: 0.068900 ms MarkObjects: 2.149300 ms  DeleteObjects: 0.081400 ms)

========================================================================
Received Prepare
Registering precompiled user dll's ...
Registered in 0.011095 seconds.
Begin MonoManager ReloadAssembly
Native extension for WindowsStandalone target not found
Refreshing native plugins compatible for Editor in 0.50 ms, found 2 plugins.
Preloading 0 native plugins for Editor in 0.00 ms.
Mono: successfully reloaded assembly
- Completed reload, in  1.501 seconds
Platform modules already initialized, skipping
Refreshing native plugins compatible for Editor in 0.49 ms, found 2 plugins.
Preloading 0 native plugins for Editor in 0.00 ms.
Unloading 1497 Unused Serialized files (Serialized files now loaded: 0)
System memory in use before: 78.0 MB.
System memory in use after: 78.1 MB.

Unloading 15 unused Assets to reduce memory usage. Loaded Objects now: 2005.
Total: 2.466900 ms (FindLiveObjects: 0.164300 ms CreateObjectMapping: 0.068700 ms MarkObjects: 2.163800 ms  DeleteObjects: 0.068300 ms)

========================================================================
Received Prepare
Registering precompiled user dll's ...
Registered in 0.015445 seconds.
Begin MonoManager ReloadAssembly
Native extension for WindowsStandalone target not found
Refreshing native plugins compatible for Editor in 0.49 ms, found 2 plugins.
Preloading 0 native plugins for Editor in 0.00 ms.
Mono: successfully reloaded assembly
- Completed reload, in  1.472 seconds
Platform modules already initialized, skipping
Refreshing native plugins compatible for Editor in 0.53 ms, found 2 plugins.
Preloading 0 native plugins for Editor in 0.00 ms.
Unloading 1497 Unused Serialized files (Serialized files now loaded: 0)
System memory in use before: 78.0 MB.
System memory in use after: 78.1 MB.

Unloading 15 unused Assets to reduce memory usage. Loaded Objects now: 2008.
Total: 2.923100 ms (FindLiveObjects: 0.413000 ms CreateObjectMapping: 0.087100 ms MarkObjects: 2.330200 ms  DeleteObjects: 0.090300 ms)

========================================================================
Received Prepare
Registering precompiled user dll's ...
Registered in 0.009862 seconds.
Begin MonoManager ReloadAssembly
Native extension for WindowsStandalone target not found
Refreshing native plugins compatible for Editor in 0.50 ms, found 2 plugins.
Preloading 0 native plugins for Editor in 0.00 ms.
Mono: successfully reloaded assembly
- Completed reload, in  1.516 seconds
Platform modules already initialized, skipping
Refreshing native plugins compatible for Editor in 0.51 ms, found 2 plugins.
Preloading 0 native plugins for Editor in 0.00 ms.
Unloading 1497 Unused Serialized files (Serialized files now loaded: 0)
System memory in use before: 78.0 MB.
System memory in use after: 78.1 MB.

Unloading 15 unused Assets to reduce memory usage. Loaded Objects now: 2011.
Total: 2.463200 ms (FindLiveObjects: 0.171200 ms CreateObjectMapping: 0.069500 ms MarkObjects: 2.148600 ms  DeleteObjects: 0.072000 ms)

========================================================================
Received Prepare
Registering precompiled user dll's ...
Registered in 0.010141 seconds.
Begin MonoManager ReloadAssembly
Native extension for WindowsStandalone target not found
Refreshing native plugins compatible for Editor in 0.50 ms, found 2 plugins.
Preloading 0 native plugins for Editor in 0.00 ms.
Mono: successfully reloaded assembly
- Completed reload, in  1.563 seconds
Platform modules already initialized, skipping
Refreshing native plugins compatible for Editor in 0.50 ms, found 2 plugins.
Preloading 0 native plugins for Editor in 0.00 ms.
Unloading 1497 Unused Serialized files (Serialized files now loaded: 0)
System memory in use before: 78.0 MB.
System memory in use after: 78.1 MB.

Unloading 15 unused Assets to reduce memory usage. Loaded Objects now: 2014.
Total: 2.382200 ms (FindLiveObjects: 0.166700 ms CreateObjectMapping: 0.068900 ms MarkObjects: 2.067800 ms  DeleteObjects: 0.076900 ms)

========================================================================
Received Import Request.
  Time since last request: 2600.922770 seconds.
  path: Assets/07.Animations/Enemy Animation Clip/enemy_fire_animation.fbx
  artifactKey: Guid(6d9bc59eae821402fa3cfd854bddd61e) Importer(815301076,1909f56bfc062723c751e8b465ee728b)
Start importing Assets/07.Animations/Enemy Animation Clip/enemy_fire_animation.fbx using Guid(6d9bc59eae821402fa3cfd854bddd61e) Importer(815301076,1909f56bfc062723c751e8b465ee728b)  -> (artifact id: 'e4b967c6c657534d6350ef6872a04738') in 0.081609 seconds
  Import took 0.088683 seconds .

========================================================================
Received Import Request.
  Time since last request: 0.020321 seconds.
  path: Assets/07.Animations/Enemy Animation Clip/enemy_fire_animation.fbx
  artifactKey: Guid(6d9bc59eae821402fa3cfd854bddd61e) Importer(815301076,1909f56bfc062723c751e8b465ee728b)
Start importing Assets/07.Animations/Enemy Animation Clip/enemy_fire_animation.fbx using Guid(6d9bc59eae821402fa3cfd854bddd61e) Importer(815301076,1909f56bfc062723c751e8b465ee728b)  -> (artifact id: 'e4b967c6c657534d6350ef6872a04738') in 0.020081 seconds
  Import took 0.024514 seconds .

========================================================================
Received Import Request.
  Time since last request: 42.958702 seconds.
  path: Assets/07.Animations/Enemy Animation Clip/enemy_fire_animation.fbx
  artifactKey: Guid(6d9bc59eae821402fa3cfd854bddd61e) Importer(815301076,1909f56bfc062723c751e8b465ee728b)
Start importing Assets/07.Animations/Enemy Animation Clip/enemy_fire_animation.fbx using Guid(6d9bc59eae821402fa3cfd854bddd61e) Importer(815301076,1909f56bfc062723c751e8b465ee728b)  -> (artifact id: '115121651f810566688b9ebbfa5fc609') in 0.021144 seconds
  Import took 0.026759 seconds .

========================================================================
Received Import Request.
  Time since last request: 140.733888 seconds.
  path: Assets/07.Animations/Enemy Animation Clip/enemy_fire_animation.fbx
  artifactKey: Guid(6d9bc59eae821402fa3cfd854bddd61e) Importer(815301076,1909f56bfc062723c751e8b465ee728b)
Start importing Assets/07.Animations/Enemy Animation Clip/enemy_fire_animation.fbx using Guid(6d9bc59eae821402fa3cfd854bddd61e) Importer(815301076,1909f56bfc062723c751e8b465ee728b)  -> (artifact id: 'cedc90047099504c57118dba2abd12f4') in 0.015266 seconds
  Import took 0.019883 seconds .

========================================================================
Received Import Request.
  Time since last request: 131.641563 seconds.
  path: Assets/07.Animations/Controllers/EnemyAnim.controller
  artifactKey: Guid(ed1e8fdd24a087445a3d2e275194f4dd) Importer(815301076,1909f56bfc062723c751e8b465ee728b)
Start importing Assets/07.Animations/Controllers/EnemyAnim.controller using Guid(ed1e8fdd24a087445a3d2e275194f4dd) Importer(815301076,1909f56bfc062723c751e8b465ee728b)  -> (artifact id: '75368edaf5e9a666fdd4c547261a07ed') in 0.028529 seconds
  Import took 0.035823 seconds .

========================================================================
Received Import Request.
  Time since last request: 303.805129 seconds.
  path: Assets/02.Scripts/EnemyFire.cs
  artifactKey: Guid(5e3ad9e392ed5f946b354b81565d8706) Importer(815301076,1909f56bfc062723c751e8b465ee728b)
Start importing Assets/02.Scripts/EnemyFire.cs using Guid(5e3ad9e392ed5f946b354b81565d8706) Importer(815301076,1909f56bfc062723c751e8b465ee728b)  -> (artifact id: 'dd71c21ddac2cc935ec64d8f51278c7a') in 0.038803 seconds
  Import took 0.045026 seconds .

========================================================================
Received Import Request.
  Time since last request: 0.003489 seconds.
  path: Assets/02.Scripts/EnemyFire.cs
  artifactKey: Guid(5e3ad9e392ed5f946b354b81565d8706) Importer(815301076,1909f56bfc062723c751e8b465ee728b)
Start importing Assets/02.Scripts/EnemyFire.cs using Guid(5e3ad9e392ed5f946b354b81565d8706) Importer(815301076,1909f56bfc062723c751e8b465ee728b)  -> (artifact id: 'dd71c21ddac2cc935ec64d8f51278c7a') in 0.029810 seconds
  Import took 0.041524 seconds .

========================================================================
Received Prepare
Registering precompiled user dll's ...
Registered in 0.019988 seconds.
Begin MonoManager ReloadAssembly
Native extension for WindowsStandalone target not found
Refreshing native plugins compatible for Editor in 0.50 ms, found 2 plugins.
Preloading 0 native plugins for Editor in 0.00 ms.
Mono: successfully reloaded assembly
- Completed reload, in  1.466 seconds
Platform modules already initialized, skipping
Refreshing native plugins compatible for Editor in 0.49 ms, found 2 plugins.
Preloading 0 native plugins for Editor in 0.00 ms.
Unloading 1498 Unused Serialized files (Serialized files now loaded: 0)
System memory in use before: 78.1 MB.
System memory in use after: 78.2 MB.

Unloading 15 unused Assets to reduce memory usage. Loaded Objects now: 2018.
Total: 3.024400 ms (FindLiveObjects: 0.162100 ms CreateObjectMapping: 0.068800 ms MarkObjects: 2.711800 ms  DeleteObjects: 0.080100 ms)

========================================================================
Received Import Request.
  Time since last request: 1450.877875 seconds.
  path: Assets/02.Scripts/EnemyFire.cs
  artifactKey: Guid(5e3ad9e392ed5f946b354b81565d8706) Importer(815301076,1909f56bfc062723c751e8b465ee728b)
Start importing Assets/02.Scripts/EnemyFire.cs using Guid(5e3ad9e392ed5f946b354b81565d8706) Importer(815301076,1909f56bfc062723c751e8b465ee728b)  -> (artifact id: 'b820dee9b7412cf01c44b99e644691f2') in 0.031981 seconds
  Import took 0.038468 seconds .

========================================================================
Received Prepare
Registering precompiled user dll's ...
Registered in 0.010253 seconds.
Begin MonoManager ReloadAssembly
Native extension for WindowsStandalone target not found
Refreshing native plugins compatible for Editor in 0.49 ms, found 2 plugins.
Preloading 0 native plugins for Editor in 0.00 ms.
Mono: successfully reloaded assembly
- Completed reload, in  1.497 seconds
Platform modules already initialized, skipping
Refreshing native plugins compatible for Editor in 0.51 ms, found 2 plugins.
Preloading 0 native plugins for Editor in 0.00 ms.
Unloading 1498 Unused Serialized files (Serialized files now loaded: 0)
System memory in use before: 78.1 MB.
System memory in use after: 78.2 MB.

Unloading 15 unused Assets to reduce memory usage. Loaded Objects now: 2021.
Total: 2.450200 ms (FindLiveObjects: 0.171700 ms CreateObjectMapping: 0.071100 ms MarkObjects: 2.124800 ms  DeleteObjects: 0.081000 ms)

========================================================================
Received Prepare
Registering precompiled user dll's ...
Registered in 0.018482 seconds.
Begin MonoManager ReloadAssembly
Native extension for WindowsStandalone target not found
Refreshing native plugins compatible for Editor in 0.50 ms, found 2 plugins.
Preloading 0 native plugins for Editor in 0.00 ms.
Mono: successfully reloaded assembly
- Completed reload, in  1.546 seconds
Platform modules already initialized, skipping
Refreshing native plugins compatible for Editor in 0.51 ms, found 2 plugins.
Preloading 0 native plugins for Editor in 0.00 ms.
Unloading 1498 Unused Serialized files (Serialized files now loaded: 0)
System memory in use before: 78.1 MB.
System memory in use after: 78.2 MB.

Unloading 15 unused Assets to reduce memory usage. Loaded Objects now: 2024.
Total: 2.433100 ms (FindLiveObjects: 0.173600 ms CreateObjectMapping: 0.069500 ms MarkObjects: 2.106900 ms  DeleteObjects: 0.081500 ms)

========================================================================
Received Prepare
Registering precompiled user dll's ...
Registered in 0.016080 seconds.
Begin MonoManager ReloadAssembly
Native extension for WindowsStandalone target not found
Refreshing native plugins compatible for Editor in 0.52 ms, found 2 plugins.
Preloading 0 native plugins for Editor in 0.00 ms.
Mono: successfully reloaded assembly
- Completed reload, in  1.634 seconds
Platform modules already initialized, skipping
Refreshing native plugins compatible for Editor in 0.51 ms, found 2 plugins.
Preloading 0 native plugins for Editor in 0.00 ms.
Unloading 1498 Unused Serialized files (Serialized files now loaded: 0)
System memory in use before: 78.1 MB.
System memory in use after: 78.2 MB.

Unloading 15 unused Assets to reduce memory usage. Loaded Objects now: 2027.
Total: 2.931500 ms (FindLiveObjects: 0.325600 ms CreateObjectMapping: 0.072600 ms MarkObjects: 2.450800 ms  DeleteObjects: 0.080600 ms)

========================================================================
Received Prepare
Registering precompiled user dll's ...
Registered in 0.010257 seconds.
Begin MonoManager ReloadAssembly
Native extension for WindowsStandalone target not found
Refreshing native plugins compatible for Editor in 0.49 ms, found 2 plugins.
Preloading 0 native plugins for Editor in 0.00 ms.
Mono: successfully reloaded assembly
- Completed reload, in  1.609 seconds
Platform modules already initialized, skipping
Refreshing native plugins compatible for Editor in 0.51 ms, found 2 plugins.
Preloading 0 native plugins for Editor in 0.00 ms.
Unloading 1498 Unused Serialized files (Serialized files now loaded: 0)
System memory in use before: 78.1 MB.
System memory in use after: 78.2 MB.

Unloading 15 unused Assets to reduce memory usage. Loaded Objects now: 2030.
Total: 2.431900 ms (FindLiveObjects: 0.181800 ms CreateObjectMapping: 0.073800 ms MarkObjects: 2.101700 ms  DeleteObjects: 0.072700 ms)

========================================================================
Received Prepare
Registering precompiled user dll's ...
Registered in 0.009618 seconds.
Begin MonoManager ReloadAssembly
Native extension for WindowsStandalone target not found
Refreshing native plugins compatible for Editor in 0.50 ms, found 2 plugins.
Preloading 0 native plugins for Editor in 0.00 ms.
Mono: successfully reloaded assembly
- Completed reload, in  1.580 seconds
Platform modules already initialized, skipping
Refreshing native plugins compatible for Editor in 0.49 ms, found 2 plugins.
Preloading 0 native plugins for Editor in 0.00 ms.
Unloading 1498 Unused Serialized files (Serialized files now loaded: 0)
System memory in use before: 78.1 MB.
System memory in use after: 78.2 MB.

Unloading 15 unused Assets to reduce memory usage. Loaded Objects now: 2033.
Total: 2.358000 ms (FindLiveObjects: 0.169300 ms CreateObjectMapping: 0.068600 ms MarkObjects: 2.039300 ms  DeleteObjects: 0.079300 ms)

========================================================================
Received Prepare
Registering precompiled user dll's ...
Registered in 0.010221 seconds.
Begin MonoManager ReloadAssembly
Native extension for WindowsStandalone target not found
Refreshing native plugins compatible for Editor in 0.49 ms, found 2 plugins.
Preloading 0 native plugins for Editor in 0.00 ms.
Mono: successfully reloaded assembly
- Completed reload, in  1.511 seconds
Platform modules already initialized, skipping
Refreshing native plugins compatible for Editor in 0.58 ms, found 2 plugins.
Preloading 0 native plugins for Editor in 0.00 ms.
Unloading 1498 Unused Serialized files (Serialized files now loaded: 0)
System memory in use before: 78.1 MB.
System memory in use after: 78.2 MB.

Unloading 15 unused Assets to reduce memory usage. Loaded Objects now: 2036.
Total: 2.599100 ms (FindLiveObjects: 0.192300 ms CreateObjectMapping: 0.071900 ms MarkObjects: 2.244900 ms  DeleteObjects: 0.087700 ms)

========================================================================
Received Prepare
Registering precompiled user dll's ...
Registered in 0.010574 seconds.
Begin MonoManager ReloadAssembly
Native extension for WindowsStandalone target not found
Refreshing native plugins compatible for Editor in 0.51 ms, found 2 plugins.
Preloading 0 native plugins for Editor in 0.00 ms.
Mono: successfully reloaded assembly
- Completed reload, in  1.474 seconds
Platform modules already initialized, skipping
Refreshing native plugins compatible for Editor in 0.50 ms, found 2 plugins.
Preloading 0 native plugins for Editor in 0.00 ms.
Unloading 1498 Unused Serialized files (Serialized files now loaded: 0)
System memory in use before: 78.1 MB.
System memory in use after: 78.2 MB.

Unloading 15 unused Assets to reduce memory usage. Loaded Objects now: 2039.
Total: 2.488100 ms (FindLiveObjects: 0.167300 ms CreateObjectMapping: 0.068500 ms MarkObjects: 2.170300 ms  DeleteObjects: 0.080200 ms)

========================================================================
Received Prepare
Registering precompiled user dll's ...
Registered in 0.009982 seconds.
Begin MonoManager ReloadAssembly
Native extension for WindowsStandalone target not found
Refreshing native plugins compatible for Editor in 0.50 ms, found 2 plugins.
Preloading 0 native plugins for Editor in 0.00 ms.
Mono: successfully reloaded assembly
- Completed reload, in  1.534 seconds
Platform modules already initialized, skipping
Refreshing native plugins compatible for Editor in 0.51 ms, found 2 plugins.
Preloading 0 native plugins for Editor in 0.00 ms.
Unloading 1498 Unused Serialized files (Serialized files now loaded: 0)
System memory in use before: 78.1 MB.
System memory in use after: 78.2 MB.

Unloading 15 unused Assets to reduce memory usage. Loaded Objects now: 2042.
Total: 2.638300 ms (FindLiveObjects: 0.190500 ms CreateObjectMapping: 0.068600 ms MarkObjects: 2.302000 ms  DeleteObjects: 0.075300 ms)

========================================================================
Received Import Request.
  Time since last request: 6039.652817 seconds.
  path: Assets/07.Animations/Controllers/EnemyAnim.controller
  artifactKey: Guid(ed1e8fdd24a087445a3d2e275194f4dd) Importer(815301076,1909f56bfc062723c751e8b465ee728b)
Start importing Assets/07.Animations/Controllers/EnemyAnim.controller using Guid(ed1e8fdd24a087445a3d2e275194f4dd) Importer(815301076,1909f56bfc062723c751e8b465ee728b)  -> (artifact id: '4acb213ad71f11f28373c1d607a5bce1') in 1.017984 seconds
  Import took 1.030827 seconds .

========================================================================
Received Prepare
Registering precompiled user dll's ...
Registered in 0.009643 seconds.
Begin MonoManager ReloadAssembly
Native extension for WindowsStandalone target not found
Refreshing native plugins compatible for Editor in 0.50 ms, found 2 plugins.
Preloading 0 native plugins for Editor in 0.00 ms.
Mono: successfully reloaded assembly
- Completed reload, in  1.462 seconds
Platform modules already initialized, skipping
Refreshing native plugins compatible for Editor in 0.50 ms, found 2 plugins.
Preloading 0 native plugins for Editor in 0.00 ms.
Unloading 1498 Unused Serialized files (Serialized files now loaded: 0)
System memory in use before: 78.1 MB.
System memory in use after: 78.2 MB.

Unloading 15 unused Assets to reduce memory usage. Loaded Objects now: 2045.
Total: 2.540200 ms (FindLiveObjects: 0.169700 ms CreateObjectMapping: 0.069100 ms MarkObjects: 2.223500 ms  DeleteObjects: 0.076300 ms)

========================================================================
Received Prepare
Registering precompiled user dll's ...
Registered in 0.009644 seconds.
Begin MonoManager ReloadAssembly
Native extension for WindowsStandalone target not found
Refreshing native plugins compatible for Editor in 0.49 ms, found 2 plugins.
Preloading 0 native plugins for Editor in 0.00 ms.
Mono: successfully reloaded assembly
- Completed reload, in  1.474 seconds
Platform modules already initialized, skipping
Refreshing native plugins compatible for Editor in 0.49 ms, found 2 plugins.
Preloading 0 native plugins for Editor in 0.00 ms.
Unloading 1498 Unused Serialized files (Serialized files now loaded: 0)
System memory in use before: 78.2 MB.
System memory in use after: 78.2 MB.

Unloading 15 unused Assets to reduce memory usage. Loaded Objects now: 2048.
Total: 2.488900 ms (FindLiveObjects: 0.175600 ms CreateObjectMapping: 0.068200 ms MarkObjects: 2.164900 ms  DeleteObjects: 0.078500 ms)

========================================================================
Received Import Request.
  Time since last request: 1456.320245 seconds.
  path: Assets/07.Animations/Controllers/EnemyReload.mask
  artifactKey: Guid(87cae6806c65479499bc332028e3399a) Importer(815301076,1909f56bfc062723c751e8b465ee728b)
Start importing Assets/07.Animations/Controllers/EnemyReload.mask using Guid(87cae6806c65479499bc332028e3399a) Importer(815301076,1909f56bfc062723c751e8b465ee728b)  -> (artifact id: 'c5c6ff186e20fed391c65bab76d2bbe1') in 0.059474 seconds
  Import took 0.065717 seconds .

========================================================================
Received Import Request.
  Time since last request: 535.489836 seconds.
  path: Assets/07.Animations/Controllers/EnemyAnim.controller
  artifactKey: Guid(ed1e8fdd24a087445a3d2e275194f4dd) Importer(815301076,1909f56bfc062723c751e8b465ee728b)
Start importing Assets/07.Animations/Controllers/EnemyAnim.controller using Guid(ed1e8fdd24a087445a3d2e275194f4dd) Importer(815301076,1909f56bfc062723c751e8b465ee728b)  -> (artifact id: '125529f890a7e79f2658bb55d3c13e2a') in 0.020516 seconds
  Import took 0.027043 seconds .

========================================================================
Received Prepare
Registering precompiled user dll's ...
Registered in 0.015495 seconds.
Begin MonoManager ReloadAssembly
Native extension for WindowsStandalone target not found
Refreshing native plugins compatible for Editor in 0.51 ms, found 2 plugins.
Preloading 0 native plugins for Editor in 0.00 ms.
Mono: successfully reloaded assembly
- Completed reload, in  1.447 seconds
Platform modules already initialized, skipping
Refreshing native plugins compatible for Editor in 0.53 ms, found 2 plugins.
Preloading 0 native plugins for Editor in 0.00 ms.
Unloading 1498 Unused Serialized files (Serialized files now loaded: 0)
System memory in use before: 78.2 MB.
System memory in use after: 78.2 MB.

Unloading 15 unused Assets to reduce memory usage. Loaded Objects now: 2051.
Total: 2.683700 ms (FindLiveObjects: 0.171900 ms CreateObjectMapping: 0.075200 ms MarkObjects: 2.354500 ms  DeleteObjects: 0.080400 ms)

========================================================================
Received Prepare
Registering precompiled user dll's ...
Registered in 0.010223 seconds.
Begin MonoManager ReloadAssembly
Native extension for WindowsStandalone target not found
Refreshing native plugins compatible for Editor in 0.50 ms, found 2 plugins.
Preloading 0 native plugins for Editor in 0.00 ms.
Mono: successfully reloaded assembly
- Completed reload, in  1.466 seconds
Platform modules already initialized, skipping
Refreshing native plugins compatible for Editor in 0.52 ms, found 2 plugins.
Preloading 0 native plugins for Editor in 0.00 ms.
Unloading 1498 Unused Serialized files (Serialized files now loaded: 0)
System memory in use before: 78.2 MB.
System memory in use after: 78.3 MB.

Unloading 15 unused Assets to reduce memory usage. Loaded Objects now: 2054.
Total: 2.523400 ms (FindLiveObjects: 0.168900 ms CreateObjectMapping: 0.069000 ms MarkObjects: 2.206200 ms  DeleteObjects: 0.077400 ms)

========================================================================
Received Prepare
Registering precompiled user dll's ...
Registered in 0.009687 seconds.
Begin MonoManager ReloadAssembly
Native extension for WindowsStandalone target not found
Refreshing native plugins compatible for Editor in 0.56 ms, found 2 plugins.
Preloading 0 native plugins for Editor in 0.00 ms.
Mono: successfully reloaded assembly
- Completed reload, in  1.804 seconds
Platform modules already initialized, skipping
Refreshing native plugins compatible for Editor in 0.50 ms, found 2 plugins.
Preloading 0 native plugins for Editor in 0.00 ms.
Unloading 1498 Unused Serialized files (Serialized files now loaded: 0)
System memory in use before: 78.1 MB.
System memory in use after: 78.2 MB.

Unloading 15 unused Assets to reduce memory usage. Loaded Objects now: 2057.
Total: 2.391700 ms (FindLiveObjects: 0.176800 ms CreateObjectMapping: 0.069500 ms MarkObjects: 2.075700 ms  DeleteObjects: 0.068000 ms)

========================================================================
Received Prepare
Registering precompiled user dll's ...
Registered in 0.010165 seconds.
Begin MonoManager ReloadAssembly
Native extension for WindowsStandalone target not found
Refreshing native plugins compatible for Editor in 0.52 ms, found 2 plugins.
Preloading 0 native plugins for Editor in 0.00 ms.
Mono: successfully reloaded assembly
- Completed reload, in  1.491 seconds
Platform modules already initialized, skipping
Refreshing native plugins compatible for Editor in 0.52 ms, found 2 plugins.
Preloading 0 native plugins for Editor in 0.00 ms.
Unloading 1498 Unused Serialized files (Serialized files now loaded: 0)
System memory in use before: 78.2 MB.
System memory in use after: 78.2 MB.

Unloading 15 unused Assets to reduce memory usage. Loaded Objects now: 2060.
Total: 2.496000 ms (FindLiveObjects: 0.184200 ms CreateObjectMapping: 0.070400 ms MarkObjects: 2.155200 ms  DeleteObjects: 0.084300 ms)

========================================================================
Received Prepare
Registering precompiled user dll's ...
Registered in 0.009757 seconds.
Begin MonoManager ReloadAssembly
Native extension for WindowsStandalone target not found
Refreshing native plugins compatible for Editor in 0.49 ms, found 2 plugins.
Preloading 0 native plugins for Editor in 0.00 ms.
Mono: successfully reloaded assembly
- Completed reload, in  1.446 seconds
Platform modules already initialized, skipping
Refreshing native plugins compatible for Editor in 0.53 ms, found 2 plugins.
Preloading 0 native plugins for Editor in 0.00 ms.
Unloading 1498 Unused Serialized files (Serialized files now loaded: 0)
System memory in use before: 78.2 MB.
System memory in use after: 78.2 MB.

Unloading 15 unused Assets to reduce memory usage. Loaded Objects now: 2063.
Total: 2.546500 ms (FindLiveObjects: 0.170700 ms CreateObjectMapping: 0.070000 ms MarkObjects: 2.222200 ms  DeleteObjects: 0.074700 ms)

========================================================================
Received Prepare
Registering precompiled user dll's ...
Registered in 0.027643 seconds.
Begin MonoManager ReloadAssembly
Native extension for WindowsStandalone target not found
Refreshing native plugins compatible for Editor in 0.51 ms, found 2 plugins.
Preloading 0 native plugins for Editor in 0.00 ms.
Mono: successfully reloaded assembly
- Completed reload, in  1.650 seconds
Platform modules already initialized, skipping
Refreshing native plugins compatible for Editor in 0.51 ms, found 2 plugins.
Preloading 0 native plugins for Editor in 0.00 ms.
Unloading 1498 Unused Serialized files (Serialized files now loaded: 0)
System memory in use before: 78.2 MB.
System memory in use after: 78.3 MB.

Unloading 15 unused Assets to reduce memory usage. Loaded Objects now: 2066.
Total: 2.381400 ms (FindLiveObjects: 0.163100 ms CreateObjectMapping: 0.067600 ms MarkObjects: 2.065800 ms  DeleteObjects: 0.076100 ms)

========================================================================
Received Import Request.
  Time since last request: 1661.627486 seconds.
  path: Assets/03.Prefabs/Bullet 1.prefab
  artifactKey: Guid(e1cee431813f493479d4133806c39936) Importer(815301076,1909f56bfc062723c751e8b465ee728b)
Start importing Assets/03.Prefabs/Bullet 1.prefab using Guid(e1cee431813f493479d4133806c39936) Importer(815301076,1909f56bfc062723c751e8b465ee728b)  -> (artifact id: 'a076bb70dc7240b1a00454e381c2db00') in 0.280315 seconds
  Import took 0.285685 seconds .

========================================================================
Received Import Request.
  Time since last request: 16.612288 seconds.
  path: Assets/03.Prefabs/E_Bullet.prefab
  artifactKey: Guid(e1cee431813f493479d4133806c39936) Importer(815301076,1909f56bfc062723c751e8b465ee728b)
Start importing Assets/03.Prefabs/E_Bullet.prefab using Guid(e1cee431813f493479d4133806c39936) Importer(815301076,1909f56bfc062723c751e8b465ee728b)  -> (artifact id: 'b1fb079a561f132d4cac86f4595d2f12') in 0.049761 seconds
  Import took 0.054619 seconds .

========================================================================
Received Import Request.
  Time since last request: 59.055773 seconds.
  path: Assets/03.Prefabs/E_Bullet.prefab
  artifactKey: Guid(e1cee431813f493479d4133806c39936) Importer(815301076,1909f56bfc062723c751e8b465ee728b)
Start importing Assets/03.Prefabs/E_Bullet.prefab using Guid(e1cee431813f493479d4133806c39936) Importer(815301076,1909f56bfc062723c751e8b465ee728b)  -> (artifact id: 'a728c43adafa34b2164c0be6d7e87578') in 0.040537 seconds
  Import took 0.045534 seconds .

========================================================================
Received Import Request.
  Time since last request: 21.315995 seconds.
  path: Assets/03.Prefabs/E_Bullet.prefab
  artifactKey: Guid(e1cee431813f493479d4133806c39936) Importer(815301076,1909f56bfc062723c751e8b465ee728b)
Start importing Assets/03.Prefabs/E_Bullet.prefab using Guid(e1cee431813f493479d4133806c39936) Importer(815301076,1909f56bfc062723c751e8b465ee728b)  -> (artifact id: 'ba7dd75625779e777932f1830d51cf87') in 0.041553 seconds
  Import took 0.046231 seconds .

========================================================================
Received Import Request.
  Time since last request: 20.546152 seconds.
  path: Assets/03.Prefabs/E_Bullet.prefab
  artifactKey: Guid(e1cee431813f493479d4133806c39936) Importer(815301076,1909f56bfc062723c751e8b465ee728b)
Start importing Assets/03.Prefabs/E_Bullet.prefab using Guid(e1cee431813f493479d4133806c39936) Importer(815301076,1909f56bfc062723c751e8b465ee728b)  -> (artifact id: 'a7ab9176954304a113125af34464672e') in 0.042746 seconds
  Import took 0.046782 seconds .

========================================================================
Received Prepare
Registering precompiled user dll's ...
Registered in 0.010805 seconds.
Begin MonoManager ReloadAssembly
Native extension for WindowsStandalone target not found
Refreshing native plugins compatible for Editor in 0.57 ms, found 2 plugins.
Preloading 0 native plugins for Editor in 0.00 ms.
Mono: successfully reloaded assembly
- Completed reload, in  1.789 seconds
Platform modules already initialized, skipping
Refreshing native plugins compatible for Editor in 0.50 ms, found 2 plugins.
Preloading 0 native plugins for Editor in 0.00 ms.
Unloading 1498 Unused Serialized files (Serialized files now loaded: 0)
System memory in use before: 81.3 MB.
System memory in use after: 81.4 MB.

Unloading 15 unused Assets to reduce memory usage. Loaded Objects now: 2076.
Total: 3.499500 ms (FindLiveObjects: 0.210700 ms CreateObjectMapping: 0.073200 ms MarkObjects: 3.130300 ms  DeleteObjects: 0.083000 ms)

========================================================================
Received Prepare
Registering precompiled user dll's ...
Registered in 0.017516 seconds.
Begin MonoManager ReloadAssembly
Native extension for WindowsStandalone target not found
Refreshing native plugins compatible for Editor in 0.51 ms, found 2 plugins.
Preloading 0 native plugins for Editor in 0.00 ms.
Mono: successfully reloaded assembly
- Completed reload, in  1.463 seconds
Platform modules already initialized, skipping
Refreshing native plugins compatible for Editor in 0.53 ms, found 2 plugins.
Preloading 0 native plugins for Editor in 0.00 ms.
Unloading 1498 Unused Serialized files (Serialized files now loaded: 0)
System memory in use before: 81.3 MB.
System memory in use after: 81.4 MB.

Unloading 15 unused Assets to reduce memory usage. Loaded Objects now: 2079.
Total: 3.645300 ms (FindLiveObjects: 0.374100 ms CreateObjectMapping: 0.098400 ms MarkObjects: 2.284200 ms  DeleteObjects: 0.886400 ms)

========================================================================
Received Prepare
Registering precompiled user dll's ...
Registered in 0.009980 seconds.
Begin MonoManager ReloadAssembly
Native extension for WindowsStandalone target not found
Refreshing native plugins compatible for Editor in 0.49 ms, found 2 plugins.
Preloading 0 native plugins for Editor in 0.00 ms.
Mono: successfully reloaded assembly
- Completed reload, in  1.503 seconds
Platform modules already initialized, skipping
Refreshing native plugins compatible for Editor in 0.51 ms, found 2 plugins.
Preloading 0 native plugins for Editor in 0.00 ms.
Unloading 1498 Unused Serialized files (Serialized files now loaded: 0)
System memory in use before: 81.3 MB.
System memory in use after: 81.4 MB.

Unloading 15 unused Assets to reduce memory usage. Loaded Objects now: 2082.
Total: 2.534900 ms (FindLiveObjects: 0.172900 ms CreateObjectMapping: 0.068200 ms MarkObjects: 2.215400 ms  DeleteObjects: 0.076400 ms)

========================================================================
Received Prepare
Registering precompiled user dll's ...
Registered in 0.009770 seconds.
Begin MonoManager ReloadAssembly
Native extension for WindowsStandalone target not found
Refreshing native plugins compatible for Editor in 0.49 ms, found 2 plugins.
Preloading 0 native plugins for Editor in 0.00 ms.
Mono: successfully reloaded assembly
- Completed reload, in  1.506 seconds
Platform modules already initialized, skipping
Refreshing native plugins compatible for Editor in 0.51 ms, found 2 plugins.
Preloading 0 native plugins for Editor in 0.00 ms.
Unloading 1498 Unused Serialized files (Serialized files now loaded: 0)
System memory in use before: 81.3 MB.
System memory in use after: 81.4 MB.

Unloading 15 unused Assets to reduce memory usage. Loaded Objects now: 2085.
Total: 2.550700 ms (FindLiveObjects: 0.193600 ms CreateObjectMapping: 0.072500 ms MarkObjects: 2.198000 ms  DeleteObjects: 0.084700 ms)

========================================================================
Received Prepare
Registering precompiled user dll's ...
Registered in 0.009914 seconds.
Begin MonoManager ReloadAssembly
Native extension for WindowsStandalone target not found
Refreshing native plugins compatible for Editor in 0.50 ms, found 2 plugins.
Preloading 0 native plugins for Editor in 0.00 ms.
Mono: successfully reloaded assembly
- Completed reload, in  1.509 seconds
Platform modules already initialized, skipping
Refreshing native plugins compatible for Editor in 0.50 ms, found 2 plugins.
Preloading 0 native plugins for Editor in 0.00 ms.
Unloading 1498 Unused Serialized files (Serialized files now loaded: 0)
System memory in use before: 81.3 MB.
System memory in use after: 81.4 MB.

Unloading 15 unused Assets to reduce memory usage. Loaded Objects now: 2088.
Total: 2.380400 ms (FindLiveObjects: 0.172300 ms CreateObjectMapping: 0.069100 ms MarkObjects: 2.057900 ms  DeleteObjects: 0.079300 ms)

========================================================================
Received Import Request.
  Time since last request: 2563.967632 seconds.
  path: Assets/04.Images/MuzzleFlash.png
  artifactKey: Guid(5c8030fa9babc194a8cfa18ce5e15bc9) Importer(815301076,1909f56bfc062723c751e8b465ee728b)
Start importing Assets/04.Images/MuzzleFlash.png using Guid(5c8030fa9babc194a8cfa18ce5e15bc9) Importer(815301076,1909f56bfc062723c751e8b465ee728b)  -> (artifact id: '2d76a6b640d5b4fd69ce1a0a4d060f2f') in 0.156871 seconds
  Import took 0.161991 seconds .

========================================================================
Received Prepare
Registering precompiled user dll's ...
Registered in 0.016020 seconds.
Begin MonoManager ReloadAssembly
Native extension for WindowsStandalone target not found
Refreshing native plugins compatible for Editor in 0.49 ms, found 2 plugins.
Preloading 0 native plugins for Editor in 0.00 ms.
Mono: successfully reloaded assembly
- Completed reload, in  1.449 seconds
Platform modules already initialized, skipping
Refreshing native plugins compatible for Editor in 0.53 ms, found 2 plugins.
Preloading 0 native plugins for Editor in 0.00 ms.
Unloading 1498 Unused Serialized files (Serialized files now loaded: 0)
System memory in use before: 81.4 MB.
System memory in use after: 81.4 MB.

Unloading 15 unused Assets to reduce memory usage. Loaded Objects now: 2092.
Total: 2.730100 ms (FindLiveObjects: 0.178400 ms CreateObjectMapping: 0.069400 ms MarkObjects: 2.402400 ms  DeleteObjects: 0.078100 ms)

========================================================================
Received Prepare
Registering precompiled user dll's ...
Registered in 0.010245 seconds.
Begin MonoManager ReloadAssembly
Native extension for WindowsStandalone target not found
Refreshing native plugins compatible for Editor in 0.49 ms, found 2 plugins.
Preloading 0 native plugins for Editor in 0.00 ms.
Mono: successfully reloaded assembly
- Completed reload, in  1.477 seconds
Platform modules already initialized, skipping
Refreshing native plugins compatible for Editor in 0.50 ms, found 2 plugins.
Preloading 0 native plugins for Editor in 0.00 ms.
Unloading 1498 Unused Serialized files (Serialized files now loaded: 0)
System memory in use before: 81.4 MB.
System memory in use after: 81.4 MB.

Unloading 15 unused Assets to reduce memory usage. Loaded Objects now: 2095.
Total: 2.505000 ms (FindLiveObjects: 0.172400 ms CreateObjectMapping: 0.068900 ms MarkObjects: 2.185900 ms  DeleteObjects: 0.076100 ms)

========================================================================
Received Prepare
Registering precompiled user dll's ...
Registered in 0.009575 seconds.
Begin MonoManager ReloadAssembly
Native extension for WindowsStandalone target not found
Refreshing native plugins compatible for Editor in 0.49 ms, found 2 plugins.
Preloading 0 native plugins for Editor in 0.00 ms.
Mono: successfully reloaded assembly
- Completed reload, in  1.517 seconds
Platform modules already initialized, skipping
Refreshing native plugins compatible for Editor in 0.53 ms, found 2 plugins.
Preloading 0 native plugins for Editor in 0.00 ms.
Unloading 1498 Unused Serialized files (Serialized files now loaded: 0)
System memory in use before: 81.4 MB.
System memory in use after: 81.5 MB.

Unloading 15 unused Assets to reduce memory usage. Loaded Objects now: 2098.
Total: 2.437100 ms (FindLiveObjects: 0.178700 ms CreateObjectMapping: 0.069000 ms MarkObjects: 2.113200 ms  DeleteObjects: 0.074600 ms)

========================================================================
Received Import Request.
  Time since last request: 2646.301308 seconds.
  path: Assets/07.Animations/Controllers/EnemyReload.mask
  artifactKey: Guid(87cae6806c65479499bc332028e3399a) Importer(815301076,1909f56bfc062723c751e8b465ee728b)
Start importing Assets/07.Animations/Controllers/EnemyReload.mask using Guid(87cae6806c65479499bc332028e3399a) Importer(815301076,1909f56bfc062723c751e8b465ee728b)  -> (artifact id: '1e5ff825b75b366894ad11479082ec52') in 0.041379 seconds
  Import took 0.045918 seconds .

========================================================================
Received Prepare
Registering precompiled user dll's ...
Registered in 0.009862 seconds.
Begin MonoManager ReloadAssembly
Native extension for WindowsStandalone target not found
Refreshing native plugins compatible for Editor in 0.49 ms, found 2 plugins.
Preloading 0 native plugins for Editor in 0.00 ms.
Mono: successfully reloaded assembly
- Completed reload, in  1.497 seconds
Platform modules already initialized, skipping
Refreshing native plugins compatible for Editor in 0.50 ms, found 2 plugins.
Preloading 0 native plugins for Editor in 0.00 ms.
Unloading 1498 Unused Serialized files (Serialized files now loaded: 0)
System memory in use before: 81.4 MB.
System memory in use after: 81.5 MB.

Unloading 15 unused Assets to reduce memory usage. Loaded Objects now: 2101.
Total: 2.704200 ms (FindLiveObjects: 0.216000 ms CreateObjectMapping: 0.087300 ms MarkObjects: 2.321700 ms  DeleteObjects: 0.077500 ms)

========================================================================
Received Import Request.
  Time since last request: 473.934735 seconds.
  path: Assets/07.Animations/Controllers/EnemyAnim.controller
  artifactKey: Guid(ed1e8fdd24a087445a3d2e275194f4dd) Importer(815301076,1909f56bfc062723c751e8b465ee728b)
Start importing Assets/07.Animations/Controllers/EnemyAnim.controller using Guid(ed1e8fdd24a087445a3d2e275194f4dd) Importer(815301076,1909f56bfc062723c751e8b465ee728b)  -> (artifact id: '1cc2595bd04a5887ed876a854b16fc45') in 0.041308 seconds
  Import took 0.048523 seconds .

========================================================================
Received Import Request.
  Time since last request: 0.003032 seconds.
  path: Assets/07.Animations/Controllers/EnemyAnim.controller
  artifactKey: Guid(ed1e8fdd24a087445a3d2e275194f4dd) Importer(815301076,1909f56bfc062723c751e8b465ee728b)
Start importing Assets/07.Animations/Controllers/EnemyAnim.controller using Guid(ed1e8fdd24a087445a3d2e275194f4dd) Importer(815301076,1909f56bfc062723c751e8b465ee728b)  -> (artifact id: '1cc2595bd04a5887ed876a854b16fc45') in 0.016259 seconds
  Import took 0.020505 seconds .

AssetImportWorkerClient::OnTransportError - code=2 error=End of file
