Using pre-set license
Built from '2020.3/staging' branch; Version is '2020.3.13f1 (71691879b7f5) revision 7432472'; Using compiler version '192528614'; Build Type 'Release'
OS: 'Windows 10 Pro; OS build 19042.1110; Version 2009; 64bit' Language: 'ko' Physical Memory: 8146 MB
BatchMode: 1, IsHumanControllingUs: 0, StartBugReporterOnCrash: 0, Is64bit: 1, IsPro: 0

 COMMAND LINE ARGUMENTS:
C:\Users\admin\Downloads\2020.3.13f1\Editor\Unity.exe
-adb2
-batchMode
-noUpm
-name
AssetImportWorker0
-projectPath
C:/Users/admin/Documents/GitHub/Class--Unity/Study20210601
-logFile
Logs/AssetImportWorker0.log
-srvPort
59784
Successfully changed project path to: C:/Users/admin/Documents/GitHub/Class--Unity/Study20210601
C:/Users/admin/Documents/GitHub/Class--Unity/Study20210601
Using Asset Import Pipeline V2.
Refreshing native plugins compatible for Editor in 38.40 ms, found 2 plugins.
Preloading 0 native plugins for Editor in 0.00 ms.
Initialize engine version: 2020.3.13f1 (71691879b7f5)
[Subsystems] Discovering subsystems at path C:/Users/admin/Downloads/2020.3.13f1/Editor/Data/Resources/UnitySubsystems
[Subsystems] Discovering subsystems at path C:/Users/admin/Documents/GitHub/Class--Unity/Study20210601/Assets
GfxDevice: creating device client; threaded=0
Direct3D:
    Version:  Direct3D 11.0 [level 11.1]
    Renderer: NVIDIA GeForce GTX 1050 Ti (ID=0x1c82)
    Vendor:   
    VRAM:     4018 MB
    Driver:   30.0.14.7111
Initialize mono
Mono path[0] = 'C:/Users/admin/Downloads/2020.3.13f1/Editor/Data/Managed'
Mono path[1] = 'C:/Users/admin/Downloads/2020.3.13f1/Editor/Data/MonoBleedingEdge/lib/mono/unityjit'
Mono config path = 'C:/Users/admin/Downloads/2020.3.13f1/Editor/Data/MonoBleedingEdge/etc'
Using monoOptions --debugger-agent=transport=dt_socket,embedding=1,server=y,suspend=n,address=127.0.0.1:56844
Begin MonoManager ReloadAssembly
Registering precompiled unity dll's ...
Register platform support module: C:/Users/admin/Downloads/2020.3.13f1/Editor/Data/PlaybackEngines/WindowsStandaloneSupport/UnityEditor.WindowsStandalone.Extensions.dll
Registered in 0.001874 seconds.
Native extension for WindowsStandalone target not found
Refreshing native plugins compatible for Editor in 36.02 ms, found 2 plugins.
Preloading 0 native plugins for Editor in 0.00 ms.
Mono: successfully reloaded assembly
- Completed reload, in  1.896 seconds
Platform modules already initialized, skipping
Registering precompiled user dll's ...
Registered in 0.004672 seconds.
Begin MonoManager ReloadAssembly
Native extension for WindowsStandalone target not found
Refreshing native plugins compatible for Editor in 0.81 ms, found 2 plugins.
Preloading 0 native plugins for Editor in 0.00 ms.
Mono: successfully reloaded assembly
- Completed reload, in  1.071 seconds
Platform modules already initialized, skipping
========================================================================
Worker process is ready to serve import requests
Launched and connected shader compiler UnityShaderCompiler.exe after 0.06 seconds
Refreshing native plugins compatible for Editor in 0.45 ms, found 2 plugins.
Preloading 0 native plugins for Editor in 0.00 ms.
Unloading 1576 Unused Serialized files (Serialized files now loaded: 0)
System memory in use before: 81.1 MB.
System memory in use after: 81.2 MB.

Unloading 19 unused Assets to reduce memory usage. Loaded Objects now: 2022.
Total: 2.573800 ms (FindLiveObjects: 0.184700 ms CreateObjectMapping: 0.078000 ms MarkObjects: 2.161400 ms  DeleteObjects: 0.148500 ms)

AssetImportParameters requested are different than current active one (requested -> active):
  custom:framework-win-MediaFoundation: 216162199b28c13a410421893ffa2e32 -> 
  custom:video-decoder-ogg-theora: a1e56fd34408186e4bbccfd4996cb3dc -> 
  custom:container-muxer-webm: aa71ff27fc2769a1b78a27578f13a17b -> 
  custom:container-demuxer-webm: 4f35f7cbe854078d1ac9338744f61a02 -> 
  custom:container-demuxer-ogg: 62fdf1f143b41e24485cea50d1cbac27 -> 
  custom:video-encoder-webm-vp8: eb34c28f22e8b96e1ab97ce403110664 -> 
  custom:video-decoder-webm-vp8: 9c59270c3fd7afecdb556c50c9e8de78 -> 
  custom:audio-decoder-ogg-vorbis: bf7c407c2cedff20999df2af8eb42d56 -> 
  custom:audio-encoder-webm-vorbis: bf7c407c2cedff20999df2af8eb42d56 -> 
========================================================================
Received Import Request.
  path: Assets/02.Scripts/UIManager.cs
  artifactKey: Guid(92bbbd6c84ecc33489879e8ae9d844b1) Importer(815301076,1909f56bfc062723c751e8b465ee728b)
Start importing Assets/02.Scripts/UIManager.cs using Guid(92bbbd6c84ecc33489879e8ae9d844b1) Importer(815301076,1909f56bfc062723c751e8b465ee728b)  -> (artifact id: '041257e3dd8f8ee23d7a8fbd7e6f5c89') in 0.035179 seconds 
  Import took 0.039667 seconds .

========================================================================
Received Import Request.
  Time since last request: 0.000254 seconds.
  path: Assets/02.Scripts/Test.cs
  artifactKey: Guid(bce5caf31022380458a3548443b19058) Importer(815301076,1909f56bfc062723c751e8b465ee728b)
Start importing Assets/02.Scripts/Test.cs using Guid(bce5caf31022380458a3548443b19058) Importer(815301076,1909f56bfc062723c751e8b465ee728b)  -> (artifact id: 'f0aa4312acc071fc8c8ae437c16cd116') in 0.014328 seconds 
  Import took 0.018699 seconds .

========================================================================
Received Import Request.
  Time since last request: 154.693609 seconds.
  path: Assets/02.Scripts/EnemyFire.cs
  artifactKey: Guid(ad134e1a91a247749adaa0ddf89df676) Importer(815301076,1909f56bfc062723c751e8b465ee728b)
Start importing Assets/02.Scripts/EnemyFire.cs using Guid(ad134e1a91a247749adaa0ddf89df676) Importer(815301076,1909f56bfc062723c751e8b465ee728b)  -> (artifact id: '32794256f2ec22dcf48092d8da893770') in 0.020966 seconds 
  Import took 0.027498 seconds .

========================================================================
Received Import Request.
  Time since last request: 0.018194 seconds.
  path: Assets/02.Scripts/EnemyFire.cs
  artifactKey: Guid(ad134e1a91a247749adaa0ddf89df676) Importer(815301076,1909f56bfc062723c751e8b465ee728b)
Start importing Assets/02.Scripts/EnemyFire.cs using Guid(ad134e1a91a247749adaa0ddf89df676) Importer(815301076,1909f56bfc062723c751e8b465ee728b)  -> (artifact id: '32794256f2ec22dcf48092d8da893770') in 0.022967 seconds 
  Import took 0.026789 seconds .

AssetImportWorkerClient::OnTransportError - code=2 error=End of file
